c:\tracer-open-master\vs-solution_tracer-open\x64\debug\vc141.pdb
c:\tracer-open-master\vs-solution_tracer-open\x64\debug\vc141.idb
c:\tracer-open-master\vs-solution_tracer-open\x64\debug\benchmarkzemaxtest.obj
c:\tracer-open-master\vs-solution_tracer-open\x64\debug\benchmarkopticalsystem.obj
c:\tracer-open-master\vs-solution_tracer-open\x64\debug\benchmarkmath.obj
c:\tracer-open-master\vs-solution_tracer-open\x64\debug\benchglasses.obj
c:\tracer-open-master\vs-solution_tracer-open\x64\debug\benchmakfillas.obj
c:\tracer-open-master\vs-solution_tracer-open\x64\debug\bechnspehricalelemtn.obj
c:\tracer-open-master\vs-solution_tracer-open\x64\debug\benchopticalsystemelement.obj
c:\tracer-open-master\vs-solution_tracer-open\x64\debug\testpsf.obj
c:\tracer-open-master\vs-solution_tracer-open\x64\debug\benchmarkopticalpathdifference.obj
c:\tracer-open-master\vs-solution_tracer-open\x64\debug\benchmarkimagesimulation.obj
c:\tracer-open-master\vs-solution_tracer-open\x64\debug\bechmarkexippupilcalculation.obj
c:\tracer-open-master\vs-solution_tracer-open\x64\debug\testasphericalsurface_llt.obj
c:\tracer-open-master\vs-solution_tracer-open\x64\debug\spot.obj
c:\tracer-open-master\vs-solution_tracer-open\x64\debug\seidelcoefficients.obj
c:\tracer-open-master\vs-solution_tracer-open\x64\debug\opticalpathdifferende.obj
c:\tracer-open-master\vs-solution_tracer-open\x64\debug\cardinalpoints.obj
c:\tracer-open-master\vs-solution_tracer-open\x64\debug\testevaluatemanyoptsys_raytracing.obj
c:\tracer-open-master\vs-solution_tracer-open\x64\debug\testcomparetwoimagesandimprove.obj
c:\tracer-open-master\vs-solution_tracer-open\x64\debug\testcardinalpoints.obj
c:\tracer-open-master\vs-solution_tracer-open\x64\debug\benchmarkespot.obj
c:\tracer-open-master\vs-solution_tracer-open\x64\debug\benchmarksphericallens_llt.obj
c:\tracer-open-master\vs-solution_tracer-open\x64\debug\benchmarksequentialraytracer.obj
c:\tracer-open-master\vs-solution_tracer-open\x64\debug\testrms_spot.obj
c:\tracer-open-master\vs-solution_tracer-open\x64\debug\benchmarkrayaiming.obj
c:\tracer-open-master\vs-solution_tracer-open\x64\debug\benchplot2d.obj
c:\tracer-open-master\vs-solution_tracer-open\x64\debug\benchmarkplotspotdiagram.obj
c:\tracer-open-master\vs-solution_tracer-open\x64\debug\benchmarkplotopd.obj
c:\tracer-open-master\vs-solution_tracer-open\x64\debug\benchmarkplansurface.obj
c:\tracer-open-master\vs-solution_tracer-open\x64\debug\benchmarkparaxiallens_llt.obj
c:\tracer-open-master\vs-solution_tracer-open\x64\debug\testbuildsysforcombination.obj
c:\tracer-open-master\vs-solution_tracer-open\x64\debug\images.obj
c:\tracer-open-master\vs-solution_tracer-open\x64\debug\imageprocessing.obj
c:\tracer-open-master\vs-solution_tracer-open\x64\debug\glasses.obj
c:\tracer-open-master\vs-solution_tracer-open\x64\debug\materialsellmeier1.obj
c:\tracer-open-master\vs-solution_tracer-open\x64\debug\fillaperturestop.obj
c:\tracer-open-master\vs-solution_tracer-open\x64\debug\comparetwoimagesandimprove.obj
c:\tracer-open-master\vs-solution_tracer-open\x64\debug\doublegauss5degreefield.obj
c:\tracer-open-master\vs-solution_tracer-open\x64\debug\testlenscatalogeo.obj
c:\tracer-open-master\vs-solution_tracer-open\x64\debug\plangeometry_llt.obj
c:\tracer-open-master\vs-solution_tracer-open\x64\debug\paraxiallens_llt.obj
c:\tracer-open-master\vs-solution_tracer-open\x64\debug\asphericalsurface_llt.obj
c:\tracer-open-master\vs-solution_tracer-open\x64\debug\aperturestop_llt.obj
c:\tracer-open-master\vs-solution_tracer-open\x64\debug\opticalsystem_llt.obj
c:\tracer-open-master\vs-solution_tracer-open\x64\debug\refractedray_llt.obj
c:\tracer-open-master\vs-solution_tracer-open\x64\debug\reflectionray_llt.obj
c:\tracer-open-master\vs-solution_tracer-open\x64\debug\interactionray_llt.obj
c:\tracer-open-master\vs-solution_tracer-open\x64\debug\donothinginteraction_llt.obj
c:\tracer-open-master\vs-solution_tracer-open\x64\debug\deflectedrayparaxiallens_llt.obj
c:\tracer-open-master\vs-solution_tracer-open\x64\debug\absorb_llt.obj
c:\tracer-open-master\vs-solution_tracer-open\x64\debug\basetransformation_llt.obj
c:\tracer-open-master\vs-solution_tracer-open\x64\debug\lensreplace.obj
c:\tracer-open-master\vs-solution_tracer-open\x64\debug\lensestwosurfaces.obj
c:\tracer-open-master\vs-solution_tracer-open\x64\debug\lensesthreesurfaces.obj
c:\tracer-open-master\vs-solution_tracer-open\x64\debug\asphericallenstwosurfaces.obj
c:\tracer-open-master\vs-solution_tracer-open\x64\debug\edmundopticslenscatalog.obj
c:\tracer-open-master\vs-solution_tracer-open\x64\debug\inport_export_data.obj
c:\tracer-open-master\vs-solution_tracer-open\x64\debug\improveimagequality.obj
c:\tracer-open-master\vs-solution_tracer-open\x64\debug\imagesimulation.obj
c:\tracer-open-master\vs-solution_tracer-open\x64\debug\sequentialraytracer.obj
c:\tracer-open-master\vs-solution_tracer-open\x64\debug\rayaiming.obj
c:\tracer-open-master\vs-solution_tracer-open\x64\debug\math_llt.obj
c:\tracer-open-master\vs-solution_tracer-open\x64\debug\ray_llt.obj
c:\tracer-open-master\vs-solution_tracer-open\x64\debug\main_llt.obj
c:\tracer-open-master\vs-solution_tracer-open\x64\debug\light_llt.obj
c:\tracer-open-master\vs-solution_tracer-open\x64\debug\importantstructures.obj
c:\tracer-open-master\vs-solution_tracer-open\x64\debug\psffunction.obj
c:\tracer-open-master\vs-solution_tracer-open\x64\debug\plotspotdiagram.obj
c:\tracer-open-master\vs-solution_tracer-open\x64\debug\plotopd.obj
c:\tracer-open-master\vs-solution_tracer-open\x64\debug\plot2d.obj
c:\tracer-open-master\vs-solution_tracer-open\x64\debug\plot.obj
c:\tracer-open-master\vs-solution_tracer-open\x64\debug\optimizeopticalsystem.obj
c:\tracer-open-master\vs-solution_tracer-open\x64\debug\evaluatemanyoptsys_raytracing.obj
c:\tracer-open-master\vs-solution_tracer-open\x64\debug\evaluatemanyoptsystems_seidelcoef.obj
c:\tracer-open-master\vs-solution_tracer-open\x64\debug\buildsystemsforcombination.obj
c:\tracer-open-master\vs-solution_tracer-open\x64\debug\opticalsystemelement.obj
c:\tracer-open-master\vs-solution_tracer-open\x64\debug\sphericalsurface_llt.obj
c:\tracer-open-master\vs-solution_tracer-open\x64\debug\plotqwt.obj
c:\tracer-open-master\vs-solution_tracer-open\x64\debug\sphericalelement.obj
c:\tracer-open-master\vs-solution_tracer-open\x64\debug\planelement.obj
c:\tracer-open-master\vs-solution_tracer-open\x64\debug\asphericalelement.obj
c:\tracer-open-master\vs-solution_tracer-open\x64\debug\aperturestopelement.obj
c:\tracer-open-master\vs-solution_tracer-open\x64\debug\testimproveimagequality.obj
c:\tracer-open-master\vs-solution_tracer-open\x64\debug\testimages.obj
c:\tracer-open-master\vs-solution_tracer-open\x64\debug\testimageprocessing.obj
c:\tracer-open-master\vs-solution_tracer-open\x64\debug\testcalculateparaxialdistances.obj
c:\tracer-open-master\vs-solution_tracer-open\x64\debug\testcalccombinationvector_seidel.obj
c:\tracer-open-master\vs-solution_tracer-open\x64\debug\nonlinearityrms_spotradiuscpp.obj
c:\tracer-open-master\vs-solution_tracer-open\x64\debug\benchmarkcomplexoptsys.obj
c:\tracer-open-master\vs-solution_tracer-open\x64\debug\testglobalopd.obj
c:\tracer-open-master\vs-solution_tracer-open\x64\debug\evaluatemanyoptsystems_paraxialdistances.obj
c:\tracer-open-master\vs-solution_tracer-open\x64\debug\calculateparaxialdistances.obj
c:\tracer-open-master\vs-solution_tracer-open\x64\debug\cooke40degreefield.obj
c:\tracer-open-master\vs-solution_tracer-open\x64\debug\testseidelcombinations.obj
c:\tracer-open-master\vs-solution_tracer-open\x64\debug\testspotdiagramqwtplot.obj
c:\tracer-open-master\vs-solution_tracer-open\x64\debug\testraytracingqwtplot.obj
c:\tracer-open-master\vs-solution_tracer-open\x64\debug\testopdqwtplot.obj
c:\tracer-open-master\vs-solution_tracer-open\x64\debug\testoptimizer_paper_p1.obj
c:\tracer-open-master\vs-solution_tracer-open\x64\debug\testoptimizer_paper_p0.obj
c:\tracer-open-master\vs-solution_tracer-open\x64\debug\testsystemspeterma.obj
c:\tracer-open-master\vs-solution_tracer-open\x64\debug\testachromatperforandaccuracy.obj
c:\tracer-open-master\vs-solution_tracer-open\x64\debug\testseidelcoefficients.obj
c:\tracer-open-master\vs-solution_tracer-open\x64\debug\testlensreplace.obj
c:\tracer-open-master\vs-solution_tracer-open\x64\debug\testcalccombinationvector_paraxial.obj
c:\tracer-open-master\vs-solution_tracer-open\x64\debug\testlocaloptimizer_bm.obj
c:\tracer-open-master\vs-solution_tracer-open\x64\debug\ioc2020_dresden.obj
c:\tracer-open-master\vs-solution_tracer-open\x64\debug\vs-solution_tracer-open.ilk
c:\tracer-open-master\vs-solution_tracer-open\x64\debug\vs-solution_tracer-open.exe
c:\tracer-open-master\vs-solution_tracer-open\x64\debug\vs-solution_tracer-open.pdb
c:\tracer-open-master\vs-solution_tracer-open\x64\debug\vs-solution_tracer-open.lib
c:\tracer-open-master\vs-solution_tracer-open\x64\debug\vs-solution_tracer-open.exp
c:\tracer-open-master\vs-solution_tracer-open\x64\debug\vs-solut.3383afaf.tlog\cl.command.1.tlog
c:\tracer-open-master\vs-solution_tracer-open\x64\debug\vs-solut.3383afaf.tlog\cl.read.1.tlog
c:\tracer-open-master\vs-solution_tracer-open\x64\debug\vs-solut.3383afaf.tlog\cl.write.1.tlog
c:\tracer-open-master\vs-solution_tracer-open\x64\debug\vs-solut.3383afaf.tlog\link.command.1.tlog
c:\tracer-open-master\vs-solution_tracer-open\x64\debug\vs-solut.3383afaf.tlog\link.read.1.tlog
c:\tracer-open-master\vs-solution_tracer-open\x64\debug\vs-solut.3383afaf.tlog\link.write.1.tlog
c:\tracer-open-master\vs-solution_tracer-open\x64\debug\vs-solut.3383afaf.tlog\vs-solution_tracer-open.write.1u.tlog
