  BenchmarkRayAiming.cpp
c:\tracer-open-master\lowleveltracing\importantstructures.h(69): warning C4227: anachronism used: qualifiers on reference are ignored
c:\tracer-open-master\lowleveltracing\importantstructures.h(73): warning C4227: anachronism used: qualifiers on reference are ignored
c:\tracer-open-master\lowleveltracing\importantstructures.h(93): warning C4227: anachronism used: qualifiers on reference are ignored
c:\tracer-open-master\lowleveltracing\importantstructures.h(108): warning C4227: anachronism used: qualifiers on reference are ignored
c:\tracer-open-master\lowleveltracing\importantstructures.h(134): warning C4227: anachronism used: qualifiers on reference are ignored
c:\tracer-open-master\benchmark\rayaiming\benchmarkrayaiming.h(51): warning C4227: anachronism used: qualifiers on reference are ignored
c:\tracer-open-master\benchmark\rayaiming\benchmarkrayaiming.h(52): warning C4227: anachronism used: qualifiers on reference are ignored
c:\tracer-open-master\benchmark\rayaiming\benchmarkrayaiming.h(57): warning C4227: anachronism used: qualifiers on reference are ignored
c:\tracer-open-master\benchmark\rayaiming\benchmarkrayaiming.h(58): warning C4227: anachronism used: qualifiers on reference are ignored
c:\tracer-open-master\benchmark\rayaiming\benchmarkrayaiming.cpp(791): warning C4227: anachronism used: qualifiers on reference are ignored
c:\tracer-open-master\benchmark\rayaiming\benchmarkrayaiming.cpp(815): warning C4227: anachronism used: qualifiers on reference are ignored
c:\tracer-open-master\benchmark\rayaiming\benchmarkrayaiming.cpp(866): warning C4267: 'initializing': conversion from 'size_t' to 'unsigned int', possible loss of data
c:\tracer-open-master\benchmark\rayaiming\benchmarkrayaiming.cpp(875): warning C4267: 'initializing': conversion from 'size_t' to 'unsigned int', possible loss of data
c:\tracer-open-master\benchmark\rayaiming\benchmarkrayaiming.cpp(876): warning C4267: 'initializing': conversion from 'size_t' to 'unsigned int', possible loss of data
c:\tracer-open-master\benchmark\rayaiming\benchmarkrayaiming.cpp(914): warning C4267: 'initializing': conversion from 'size_t' to 'unsigned int', possible loss of data
c:\tracer-open-master\benchmark\rayaiming\benchmarkrayaiming.cpp(956): warning C4227: anachronism used: qualifiers on reference are ignored
c:\tracer-open-master\benchmark\rayaiming\benchmarkrayaiming.cpp(980): warning C4227: anachronism used: qualifiers on reference are ignored
c:\tracer-open-master\benchmark\rayaiming\benchmarkrayaiming.cpp(1031): warning C4267: 'initializing': conversion from 'size_t' to 'unsigned int', possible loss of data
c:\tracer-open-master\benchmark\rayaiming\benchmarkrayaiming.cpp(1040): warning C4267: 'initializing': conversion from 'size_t' to 'unsigned int', possible loss of data
c:\tracer-open-master\benchmark\rayaiming\benchmarkrayaiming.cpp(1041): warning C4267: 'initializing': conversion from 'size_t' to 'unsigned int', possible loss of data
c:\tracer-open-master\benchmark\rayaiming\benchmarkrayaiming.cpp(1056): warning C4267: 'initializing': conversion from 'size_t' to 'unsigned int', possible loss of data
  VS-Solution_tracer-open.vcxproj -> C:\Tracer-Open-Master\VS-Solution_tracer-open\x64\Debug\VS-Solution_tracer-open.exe
