  CardinalPoints.cpp
c:\traceropenmasterrepos\tracer-open-master-source\sequentialraytracer.h(38): warning C4305: '=': truncation from '__int64' to 'unsigned int'
c:\traceropenmasterrepos\tracer-open-master-source\sequentialraytracer.h(38): warning C4309: '=': truncation of constant value
c:\traceropenmasterrepos\tracer-open-master-source\analyse\cardinalpoints.cpp(141): warning C4101: 'checker': unreferenced local variable
c:\traceropenmasterrepos\tracer-open-master-source\analyse\cardinalpoints.cpp(174): warning C4101: 'checker': unreferenced local variable
  OpticalPathDifferende.cpp
c:\traceropenmasterrepos\tracer-open-master-source\sequentialraytracer.h(38): warning C4305: '=': truncation from '__int64' to 'unsigned int'
c:\traceropenmasterrepos\tracer-open-master-source\sequentialraytracer.h(38): warning C4309: '=': truncation of constant value
c:\traceropenmasterrepos\tracer-open-master-source\analyse\opticalpathdifferende.cpp(12): warning C4244: 'initializing': conversion from 'double' to 'unsigned int', possible loss of data
c:\traceropenmasterrepos\tracer-open-master-source\analyse\opticalpathdifferende.cpp(431): warning C4244: 'initializing': conversion from 'real' to 'int', possible loss of data
c:\traceropenmasterrepos\tracer-open-master-source\analyse\opticalpathdifferende.cpp(435): warning C4244: 'initializing': conversion from 'real' to 'int', possible loss of data
c:\traceropenmasterrepos\tracer-open-master-source\analyse\opticalpathdifferende.cpp(486): warning C4244: 'initializing': conversion from 'real' to 'int', possible loss of data
c:\traceropenmasterrepos\tracer-open-master-source\analyse\opticalpathdifferende.cpp(490): warning C4244: 'initializing': conversion from 'real' to 'int', possible loss of data
c:\traceropenmasterrepos\tracer-open-master-source\analyse\opticalpathdifferende.cpp(639): warning C4244: 'initializing': conversion from 'real' to 'int', possible loss of data
c:\traceropenmasterrepos\tracer-open-master-source\analyse\opticalpathdifferende.cpp(642): warning C4244: 'initializing': conversion from 'real' to 'int', possible loss of data
c:\traceropenmasterrepos\tracer-open-master-source\analyse\opticalpathdifferende.cpp(688): warning C4244: 'initializing': conversion from 'real' to 'int', possible loss of data
c:\traceropenmasterrepos\tracer-open-master-source\analyse\opticalpathdifferende.cpp(692): warning C4244: 'initializing': conversion from 'real' to 'int', possible loss of data
c:\traceropenmasterrepos\tracer-open-master-source\analyse\opticalpathdifferende.cpp(773): warning C4244: 'initializing': conversion from 'double' to 'int', possible loss of data
c:\traceropenmasterrepos\tracer-open-master-source\analyse\opticalpathdifferende.cpp(774): warning C4244: 'initializing': conversion from 'double' to 'int', possible loss of data
c:\traceropenmasterrepos\tracer-open-master-source\analyse\opticalpathdifferende.cpp(775): warning C4244: 'initializing': conversion from 'double' to 'int', possible loss of data
c:\traceropenmasterrepos\tracer-open-master-source\analyse\opticalpathdifferende.cpp(776): warning C4244: 'initializing': conversion from 'double' to 'int', possible loss of data
c:\traceropenmasterrepos\tracer-open-master-source\analyse\opticalpathdifferende.cpp(798): warning C4244: 'initializing': conversion from 'double' to 'int', possible loss of data
c:\traceropenmasterrepos\tracer-open-master-source\analyse\opticalpathdifferende.cpp(806): warning C4244: 'initializing': conversion from 'double' to 'int', possible loss of data
c:\traceropenmasterrepos\tracer-open-master-source\analyse\opticalpathdifferende.cpp(807): warning C4244: 'initializing': conversion from 'double' to 'int', possible loss of data
c:\traceropenmasterrepos\tracer-open-master-source\analyse\opticalpathdifferende.cpp(808): warning C4244: 'initializing': conversion from 'double' to 'int', possible loss of data
c:\traceropenmasterrepos\tracer-open-master-source\analyse\opticalpathdifferende.cpp(809): warning C4244: 'initializing': conversion from 'double' to 'int', possible loss of data
c:\traceropenmasterrepos\tracer-open-master-source\analyse\opticalpathdifferende.cpp(940): warning C4244: 'initializing': conversion from 'double' to 'int', possible loss of data
c:\traceropenmasterrepos\tracer-open-master-source\analyse\opticalpathdifferende.cpp(1019): warning C4244: 'argument': conversion from 'double' to 'int', possible loss of data
c:\traceropenmasterrepos\tracer-open-master-source\analyse\opticalpathdifferende.cpp(1050): warning C4129: 'P': unrecognized character escape sequence
c:\traceropenmasterrepos\tracer-open-master-source\analyse\opticalpathdifferende.cpp(1063): warning C4244: 'initializing': conversion from 'double' to 'int', possible loss of data
c:\traceropenmasterrepos\tracer-open-master-source\analyse\opticalpathdifferende.cpp(1064): warning C4244: 'initializing': conversion from 'double' to 'int', possible loss of data
c:\traceropenmasterrepos\tracer-open-master-source\analyse\opticalpathdifferende.cpp(1065): warning C4244: 'initializing': conversion from 'double' to 'int', possible loss of data
c:\traceropenmasterrepos\tracer-open-master-source\analyse\opticalpathdifferende.cpp(1066): warning C4244: 'initializing': conversion from 'double' to 'int', possible loss of data
c:\traceropenmasterrepos\tracer-open-master-source\analyse\opticalpathdifferende.cpp(1257): warning C4244: 'argument': conversion from 'double' to 'const unsigned int', possible loss of data
c:\traceropenmasterrepos\tracer-open-master-source\analyse\opticalpathdifferende.cpp(1260): warning C4244: 'initializing': conversion from 'double' to 'int', possible loss of data
c:\traceropenmasterrepos\tracer-open-master-source\analyse\opticalpathdifferende.cpp(1263): warning C4244: 'argument': conversion from 'double' to 'int', possible loss of data
c:\traceropenmasterrepos\tracer-open-master-source\analyse\opticalpathdifferende.cpp(1265): warning C4244: 'argument': conversion from 'double' to 'int', possible loss of data
c:\traceropenmasterrepos\tracer-open-master-source\analyse\opticalpathdifferende.cpp(1270): warning C4244: 'initializing': conversion from 'double' to 'int', possible loss of data
c:\traceropenmasterrepos\tracer-open-master-source\analyse\opticalpathdifferende.cpp(1272): warning C4244: 'argument': conversion from 'double' to 'const unsigned int', possible loss of data
c:\traceropenmasterrepos\tracer-open-master-source\analyse\opticalpathdifferende.cpp(1272): warning C4244: 'argument': conversion from 'double' to 'int', possible loss of data
c:\traceropenmasterrepos\tracer-open-master-source\analyse\opticalpathdifferende.cpp(1272): warning C4244: '=': conversion from 'double' to '_Ty', possible loss of data
          with
          [
              _Ty=float
          ]
c:\traceropenmasterrepos\tracer-open-master-source\analyse\opticalpathdifferende.cpp(1273): warning C4244: 'argument': conversion from 'double' to 'const unsigned int', possible loss of data
c:\traceropenmasterrepos\tracer-open-master-source\analyse\opticalpathdifferende.cpp(1353): warning C4244: 'argument': conversion from 'double' to 'int', possible loss of data
c:\traceropenmasterrepos\tracer-open-master-source\analyse\opticalpathdifferende.cpp(1363): warning C4244: 'argument': conversion from 'double' to 'int', possible loss of data
c:\traceropenmasterrepos\tracer-open-master-source\analyse\opticalpathdifferende.cpp(1375): warning C4244: 'argument': conversion from 'double' to 'int', possible loss of data
c:\traceropenmasterrepos\tracer-open-master-source\analyse\opticalpathdifferende.cpp(1385): warning C4244: 'argument': conversion from 'double' to 'int', possible loss of data
c:\traceropenmasterrepos\tracer-open-master-source\analyse\opticalpathdifferende.cpp(1396): warning C4244: 'argument': conversion from 'double' to 'int', possible loss of data
c:\traceropenmasterrepos\tracer-open-master-source\analyse\opticalpathdifferende.cpp(1397): warning C4244: 'argument': conversion from 'double' to 'int', possible loss of data
c:\traceropenmasterrepos\tracer-open-master-source\analyse\opticalpathdifferende.cpp(1398): warning C4244: 'argument': conversion from 'double' to 'int', possible loss of data
c:\traceropenmasterrepos\tracer-open-master-source\analyse\opticalpathdifferende.cpp(1399): warning C4244: 'argument': conversion from 'double' to 'int', possible loss of data
c:\traceropenmasterrepos\tracer-open-master-source\analyse\opticalpathdifferende.cpp(1400): warning C4244: 'argument': conversion from 'double' to 'int', possible loss of data
c:\traceropenmasterrepos\tracer-open-master-source\analyse\opticalpathdifferende.cpp(1401): warning C4244: 'argument': conversion from 'double' to 'int', possible loss of data
c:\traceropenmasterrepos\tracer-open-master-source\analyse\opticalpathdifferende.cpp(1403): warning C4244: 'argument': conversion from 'double' to 'int', possible loss of data
c:\traceropenmasterrepos\tracer-open-master-source\analyse\opticalpathdifferende.cpp(1417): warning C4244: 'argument': conversion from 'double' to 'int', possible loss of data
c:\traceropenmasterrepos\tracer-open-master-source\analyse\opticalpathdifferende.cpp(1419): warning C4244: 'argument': conversion from 'double' to 'int', possible loss of data
c:\traceropenmasterrepos\tracer-open-master-source\analyse\opticalpathdifferende.cpp(1423): warning C4244: 'initializing': conversion from 'double' to 'int', possible loss of data
c:\traceropenmasterrepos\tracer-open-master-source\analyse\opticalpathdifferende.cpp(1424): warning C4244: 'initializing': conversion from 'double' to 'int', possible loss of data
c:\traceropenmasterrepos\tracer-open-master-source\analyse\opticalpathdifferende.cpp(1425): warning C4244: 'initializing': conversion from 'double' to 'int', possible loss of data
c:\traceropenmasterrepos\tracer-open-master-source\analyse\opticalpathdifferende.cpp(1426): warning C4244: 'initializing': conversion from 'double' to 'int', possible loss of data
c:\traceropenmasterrepos\tracer-open-master-source\analyse\opticalpathdifferende.cpp(1574): warning C4244: '=': conversion from 'double' to 'int', possible loss of data
c:\traceropenmasterrepos\tracer-open-master-source\analyse\opticalpathdifferende.cpp(1600): warning C4129: 'h': unrecognized character escape sequence
c:\traceropenmasterrepos\tracer-open-master-source\analyse\opticalpathdifferende.cpp(1624): warning C4244: 'initializing': conversion from 'double' to 'int', possible loss of data
c:\traceropenmasterrepos\tracer-open-master-source\analyse\opticalpathdifferende.cpp(1625): warning C4244: 'initializing': conversion from 'double' to 'int', possible loss of data
c:\traceropenmasterrepos\tracer-open-master-source\analyse\opticalpathdifferende.cpp(1626): warning C4244: 'initializing': conversion from 'double' to 'int', possible loss of data
c:\traceropenmasterrepos\tracer-open-master-source\analyse\opticalpathdifferende.cpp(1627): warning C4244: 'initializing': conversion from 'double' to 'int', possible loss of data
  Spot.cpp
  TestAsphericalSurface_LLT.cpp
c:\traceropenmasterrepos\tracer-open-master-source\sequentialraytracer.h(38): warning C4305: '=': truncation from '__int64' to 'unsigned int'
c:\traceropenmasterrepos\tracer-open-master-source\sequentialraytracer.h(38): warning C4309: '=': truncation of constant value
  BechmarkExipPupilCalculation.cpp
c:\traceropenmasterrepos\tracer-open-master-source\sequentialraytracer.h(38): warning C4305: '=': truncation from '__int64' to 'unsigned int'
c:\traceropenmasterrepos\tracer-open-master-source\sequentialraytracer.h(38): warning C4309: '=': truncation of constant value
  BenchmarkOpticalPathDifference.cpp
c:\traceropenmasterrepos\tracer-open-master-source\sequentialraytracer.h(38): warning C4305: '=': truncation from '__int64' to 'unsigned int'
c:\traceropenmasterrepos\tracer-open-master-source\sequentialraytracer.h(38): warning C4309: '=': truncation of constant value
  TestGlobalOPD.cpp
c:\traceropenmasterrepos\tracer-open-master-source\sequentialraytracer.h(38): warning C4305: '=': truncation from '__int64' to 'unsigned int'
c:\traceropenmasterrepos\tracer-open-master-source\sequentialraytracer.h(38): warning C4309: '=': truncation of constant value
c:\traceropenmasterrepos\tracer-open-master-source\benchmark\benchanalyse\testglobalopd.cpp(118): warning C4129: 'O': unrecognized character escape sequence
c:\traceropenmasterrepos\tracer-open-master-source\benchmark\benchanalyse\testglobalopd.cpp(152): warning C4129: 'O': unrecognized character escape sequence
c:\traceropenmasterrepos\tracer-open-master-source\benchmark\benchanalyse\testglobalopd.cpp(187): warning C4129: 'O': unrecognized character escape sequence
c:\traceropenmasterrepos\tracer-open-master-source\benchmark\benchanalyse\testglobalopd.cpp(220): warning C4129: 'O': unrecognized character escape sequence
c:\traceropenmasterrepos\tracer-open-master-source\benchmark\benchanalyse\testglobalopd.cpp(253): warning C4129: 'O': unrecognized character escape sequence
c:\traceropenmasterrepos\tracer-open-master-source\benchmark\benchanalyse\testglobalopd.cpp(321): warning C4129: 'O': unrecognized character escape sequence
c:\traceropenmasterrepos\tracer-open-master-source\benchmark\benchanalyse\testglobalopd.cpp(360): warning C4129: 'O': unrecognized character escape sequence
c:\traceropenmasterrepos\tracer-open-master-source\benchmark\benchanalyse\testglobalopd.cpp(398): warning C4129: 'O': unrecognized character escape sequence
c:\traceropenmasterrepos\tracer-open-master-source\benchmark\benchanalyse\testglobalopd.cpp(435): warning C4129: 'O': unrecognized character escape sequence
c:\traceropenmasterrepos\tracer-open-master-source\benchmark\benchanalyse\testglobalopd.cpp(475): warning C4129: 'O': unrecognized character escape sequence
c:\traceropenmasterrepos\tracer-open-master-source\benchmark\benchanalyse\testglobalopd.cpp(515): warning C4129: 'O': unrecognized character escape sequence
c:\traceropenmasterrepos\tracer-open-master-source\benchmark\benchanalyse\testglobalopd.cpp(537): warning C4129: 'O': unrecognized character escape sequence
c:\traceropenmasterrepos\tracer-open-master-source\benchmark\benchanalyse\testglobalopd.cpp(553): warning C4129: 'O': unrecognized character escape sequence
c:\traceropenmasterrepos\tracer-open-master-source\benchmark\benchanalyse\testglobalopd.cpp(569): warning C4129: 'O': unrecognized character escape sequence
c:\traceropenmasterrepos\tracer-open-master-source\benchmark\benchanalyse\testglobalopd.cpp(585): warning C4129: 'O': unrecognized character escape sequence
c:\traceropenmasterrepos\tracer-open-master-source\benchmark\benchanalyse\testglobalopd.cpp(601): warning C4129: 'O': unrecognized character escape sequence
c:\traceropenmasterrepos\tracer-open-master-source\benchmark\benchanalyse\testglobalopd.cpp(626): warning C4129: 'O': unrecognized character escape sequence
c:\traceropenmasterrepos\tracer-open-master-source\benchmark\benchanalyse\testglobalopd.cpp(643): warning C4129: 'O': unrecognized character escape sequence
c:\traceropenmasterrepos\tracer-open-master-source\benchmark\benchanalyse\testglobalopd.cpp(658): warning C4129: 'O': unrecognized character escape sequence
c:\traceropenmasterrepos\tracer-open-master-source\benchmark\benchanalyse\testglobalopd.cpp(674): warning C4129: 'O': unrecognized character escape sequence
c:\traceropenmasterrepos\tracer-open-master-source\benchmark\benchanalyse\testglobalopd.cpp(689): warning C4129: 'O': unrecognized character escape sequence
c:\traceropenmasterrepos\tracer-open-master-source\benchmark\benchanalyse\testglobalopd.cpp(705): warning C4129: 'O': unrecognized character escape sequence
  testPSF.cpp
c:\traceropenmasterrepos\tracer-open-master-source\sequentialraytracer.h(38): warning C4305: '=': truncation from '__int64' to 'unsigned int'
c:\traceropenmasterrepos\tracer-open-master-source\sequentialraytracer.h(38): warning C4309: '=': truncation of constant value
c:\traceropenmasterrepos\tracer-open-master-source\benchmark\benchanalyse\testpsf.cpp(87): warning C4129: 'O': unrecognized character escape sequence
c:\traceropenmasterrepos\tracer-open-master-source\benchmark\benchanalyse\testpsf.cpp(96): warning C4129: 'O': unrecognized character escape sequence
  BenchmarkComplexOptSys.cpp
c:\traceropenmasterrepos\tracer-open-master-source\sequentialraytracer.h(38): warning C4305: '=': truncation from '__int64' to 'unsigned int'
c:\traceropenmasterrepos\tracer-open-master-source\sequentialraytracer.h(38): warning C4309: '=': truncation of constant value
  BenchOpticalSystemElement.cpp
c:\traceropenmasterrepos\tracer-open-master-source\sequentialraytracer.h(38): warning C4305: '=': truncation from '__int64' to 'unsigned int'
c:\traceropenmasterrepos\tracer-open-master-source\sequentialraytracer.h(38): warning C4309: '=': truncation of constant value
  BechnSpehricalElemtn.cpp
c:\traceropenmasterrepos\tracer-open-master-source\sequentialraytracer.h(38): warning C4305: '=': truncation from '__int64' to 'unsigned int'
c:\traceropenmasterrepos\tracer-open-master-source\sequentialraytracer.h(38): warning C4309: '=': truncation of constant value
  BenchmakFillAS.cpp
c:\traceropenmasterrepos\tracer-open-master-source\sequentialraytracer.h(38): warning C4305: '=': truncation from '__int64' to 'unsigned int'
c:\traceropenmasterrepos\tracer-open-master-source\sequentialraytracer.h(38): warning C4309: '=': truncation of constant value
  BenchGlasses.cpp
  BenchmarkMath.cpp
  BenchmarkOpticalSystem.cpp
c:\traceropenmasterrepos\tracer-open-master-source\sequentialraytracer.h(38): warning C4305: '=': truncation from '__int64' to 'unsigned int'
c:\traceropenmasterrepos\tracer-open-master-source\sequentialraytracer.h(38): warning C4309: '=': truncation of constant value
  BenchmarkZemaxTest.cpp
c:\traceropenmasterrepos\tracer-open-master-source\sequentialraytracer.h(38): warning C4305: '=': truncation from '__int64' to 'unsigned int'
c:\traceropenmasterrepos\tracer-open-master-source\sequentialraytracer.h(38): warning C4309: '=': truncation of constant value
  BenchmarkParaxialLens_LLT.cpp
c:\traceropenmasterrepos\tracer-open-master-source\sequentialraytracer.h(38): warning C4305: '=': truncation from '__int64' to 'unsigned int'
c:\traceropenmasterrepos\tracer-open-master-source\sequentialraytracer.h(38): warning C4309: '=': truncation of constant value
  BenchmarkPlanSurface.cpp
  BenchmarkPlotOPD.cpp
c:\traceropenmasterrepos\tracer-open-master-source\sequentialraytracer.h(38): warning C4305: '=': truncation from '__int64' to 'unsigned int'
c:\traceropenmasterrepos\tracer-open-master-source\sequentialraytracer.h(38): warning C4309: '=': truncation of constant value
  BenchmarkPlotSpotDiagram.cpp
c:\traceropenmasterrepos\tracer-open-master-source\sequentialraytracer.h(38): warning C4305: '=': truncation from '__int64' to 'unsigned int'
c:\traceropenmasterrepos\tracer-open-master-source\sequentialraytracer.h(38): warning C4309: '=': truncation of constant value
  Compiling...
  BenchPlot2D.cpp
c:\traceropenmasterrepos\tracer-open-master-source\sequentialraytracer.h(38): warning C4305: '=': truncation from '__int64' to 'unsigned int'
c:\traceropenmasterrepos\tracer-open-master-source\sequentialraytracer.h(38): warning C4309: '=': truncation of constant value
  BenchmarkRayAiming.cpp
c:\traceropenmasterrepos\tracer-open-master-source\sequentialraytracer.h(38): warning C4305: '=': truncation from '__int64' to 'unsigned int'
c:\traceropenmasterrepos\tracer-open-master-source\sequentialraytracer.h(38): warning C4309: '=': truncation of constant value
  BenchmarkSequentialRayTracer.cpp
c:\traceropenmasterrepos\tracer-open-master-source\sequentialraytracer.h(38): warning C4305: '=': truncation from '__int64' to 'unsigned int'
c:\traceropenmasterrepos\tracer-open-master-source\sequentialraytracer.h(38): warning C4309: '=': truncation of constant value
  BenchmarkSphericalLens_LLT.cpp
c:\traceropenmasterrepos\tracer-open-master-source\sequentialraytracer.h(38): warning C4305: '=': truncation from '__int64' to 'unsigned int'
c:\traceropenmasterrepos\tracer-open-master-source\sequentialraytracer.h(38): warning C4309: '=': truncation of constant value
  BenchmarkeSpot.cpp
  TestLensCatalogEO.cpp
c:\traceropenmasterrepos\tracer-open-master-source\sequentialraytracer.h(38): warning C4305: '=': truncation from '__int64' to 'unsigned int'
c:\traceropenmasterrepos\tracer-open-master-source\sequentialraytracer.h(38): warning C4309: '=': truncation of constant value
  Cooke40DegreeField.cpp
c:\traceropenmasterrepos\tracer-open-master-source\sequentialraytracer.h(38): warning C4305: '=': truncation from '__int64' to 'unsigned int'
c:\traceropenmasterrepos\tracer-open-master-source\sequentialraytracer.h(38): warning C4309: '=': truncation of constant value
  DoubleGauss5DegreeField.cpp
c:\traceropenmasterrepos\tracer-open-master-source\sequentialraytracer.h(38): warning C4305: '=': truncation from '__int64' to 'unsigned int'
c:\traceropenmasterrepos\tracer-open-master-source\sequentialraytracer.h(38): warning C4309: '=': truncation of constant value
  MaterialSellmeier1.cpp
  Glasses.cpp
  EdmundOpticsLensCatalog.cpp
  LensesThreeSurfaces.cpp
c:\traceropenmasterrepos\tracer-open-master-source\sequentialraytracer.h(38): warning C4305: '=': truncation from '__int64' to 'unsigned int'
c:\traceropenmasterrepos\tracer-open-master-source\sequentialraytracer.h(38): warning C4309: '=': truncation of constant value
  LensesTwoSurfaces.cpp
c:\traceropenmasterrepos\tracer-open-master-source\sequentialraytracer.h(38): warning C4305: '=': truncation from '__int64' to 'unsigned int'
c:\traceropenmasterrepos\tracer-open-master-source\sequentialraytracer.h(38): warning C4309: '=': truncation of constant value
  BaseTransformation_LLT.cpp
  Absorb_LLT.cpp
  DeflectedRayParaxialLens_LLT.cpp
c:\traceropenmasterrepos\tracer-open-master-source\sequentialraytracer.h(38): warning C4305: '=': truncation from '__int64' to 'unsigned int'
c:\traceropenmasterrepos\tracer-open-master-source\sequentialraytracer.h(38): warning C4309: '=': truncation of constant value
  DoNothingInteraction_LLT.cpp
  InteractionRay_LLT.cpp
  ReflectionRay_LLT.cpp
  RefractedRay_LLT.cpp
  Compiling...
  OpticalSystem_LLT.cpp
c:\traceropenmasterrepos\tracer-open-master-source\lowleveltracing\opticalsystem_llt.cpp(130): warning C4101: 'interation': unreferenced local variable
  ApertureStop_LLT.cpp
c:\traceropenmasterrepos\tracer-open-master-source\sequentialraytracer.h(38): warning C4305: '=': truncation from '__int64' to 'unsigned int'
c:\traceropenmasterrepos\tracer-open-master-source\sequentialraytracer.h(38): warning C4309: '=': truncation of constant value
  AsphericalSurface_LLT.cpp
  ParaxialLens_LLT.cpp
c:\traceropenmasterrepos\tracer-open-master-source\sequentialraytracer.h(38): warning C4305: '=': truncation from '__int64' to 'unsigned int'
c:\traceropenmasterrepos\tracer-open-master-source\sequentialraytracer.h(38): warning C4309: '=': truncation of constant value
c:\traceropenmasterrepos\tracer-open-master-source\lowleveltracing\surfaces\paraxiallens_llt.cpp(188): warning C4244: 'initializing': conversion from 'double' to 'int', possible loss of data
c:\traceropenmasterrepos\tracer-open-master-source\lowleveltracing\surfaces\paraxiallens_llt.cpp(189): warning C4244: 'initializing': conversion from 'double' to 'int', possible loss of data
c:\traceropenmasterrepos\tracer-open-master-source\lowleveltracing\surfaces\paraxiallens_llt.cpp(191): warning C4244: 'initializing': conversion from 'double' to 'int', possible loss of data
c:\traceropenmasterrepos\tracer-open-master-source\lowleveltracing\surfaces\paraxiallens_llt.cpp(192): warning C4244: 'initializing': conversion from 'double' to 'int', possible loss of data
c:\traceropenmasterrepos\tracer-open-master-source\lowleveltracing\surfaces\paraxiallens_llt.cpp(215): warning C4244: 'initializing': conversion from 'double' to 'int', possible loss of data
c:\traceropenmasterrepos\tracer-open-master-source\lowleveltracing\surfaces\paraxiallens_llt.cpp(216): warning C4244: 'initializing': conversion from 'double' to 'int', possible loss of data
c:\traceropenmasterrepos\tracer-open-master-source\lowleveltracing\surfaces\paraxiallens_llt.cpp(222): warning C4244: 'initializing': conversion from 'double' to 'int', possible loss of data
c:\traceropenmasterrepos\tracer-open-master-source\lowleveltracing\surfaces\paraxiallens_llt.cpp(223): warning C4244: 'initializing': conversion from 'double' to 'int', possible loss of data
c:\traceropenmasterrepos\tracer-open-master-source\lowleveltracing\surfaces\paraxiallens_llt.cpp(229): warning C4244: 'initializing': conversion from 'double' to 'int', possible loss of data
c:\traceropenmasterrepos\tracer-open-master-source\lowleveltracing\surfaces\paraxiallens_llt.cpp(230): warning C4244: 'initializing': conversion from 'double' to 'int', possible loss of data
c:\traceropenmasterrepos\tracer-open-master-source\lowleveltracing\surfaces\paraxiallens_llt.cpp(236): warning C4244: 'initializing': conversion from 'double' to 'int', possible loss of data
c:\traceropenmasterrepos\tracer-open-master-source\lowleveltracing\surfaces\paraxiallens_llt.cpp(237): warning C4244: 'initializing': conversion from 'double' to 'int', possible loss of data
  PlanGeometry_LLT.cpp
c:\traceropenmasterrepos\tracer-open-master-source\lowleveltracing\surfaces\plangeometry_llt.cpp(185): warning C4244: 'initializing': conversion from 'double' to 'int', possible loss of data
c:\traceropenmasterrepos\tracer-open-master-source\lowleveltracing\surfaces\plangeometry_llt.cpp(186): warning C4244: 'initializing': conversion from 'double' to 'int', possible loss of data
c:\traceropenmasterrepos\tracer-open-master-source\lowleveltracing\surfaces\plangeometry_llt.cpp(188): warning C4244: 'initializing': conversion from 'double' to 'int', possible loss of data
c:\traceropenmasterrepos\tracer-open-master-source\lowleveltracing\surfaces\plangeometry_llt.cpp(189): warning C4244: 'initializing': conversion from 'double' to 'int', possible loss of data
c:\traceropenmasterrepos\tracer-open-master-source\lowleveltracing\surfaces\plangeometry_llt.cpp(210): warning C4305: 'return': truncation from '__int64' to 'real'
c:\traceropenmasterrepos\tracer-open-master-source\lowleveltracing\surfaces\plangeometry_llt.cpp(216): warning C4305: 'return': truncation from '__int64' to 'real'
  SphericalSurface_LLT.cpp
c:\traceropenmasterrepos\tracer-open-master-source\sequentialraytracer.h(38): warning C4305: '=': truncation from '__int64' to 'unsigned int'
c:\traceropenmasterrepos\tracer-open-master-source\sequentialraytracer.h(38): warning C4309: '=': truncation of constant value
c:\traceropenmasterrepos\tracer-open-master-source\lowleveltracing\surfaces\sphericalsurface_llt.cpp(522): warning C4244: 'initializing': conversion from 'double' to 'int', possible loss of data
c:\traceropenmasterrepos\tracer-open-master-source\lowleveltracing\surfaces\sphericalsurface_llt.cpp(523): warning C4244: 'initializing': conversion from 'double' to 'int', possible loss of data
c:\traceropenmasterrepos\tracer-open-master-source\lowleveltracing\surfaces\sphericalsurface_llt.cpp(543): warning C4244: 'initializing': conversion from 'double' to 'int', possible loss of data
c:\traceropenmasterrepos\tracer-open-master-source\lowleveltracing\surfaces\sphericalsurface_llt.cpp(544): warning C4244: 'initializing': conversion from 'double' to 'int', possible loss of data
c:\traceropenmasterrepos\tracer-open-master-source\lowleveltracing\surfaces\sphericalsurface_llt.cpp(546): warning C4244: 'initializing': conversion from 'double' to 'int', possible loss of data
c:\traceropenmasterrepos\tracer-open-master-source\lowleveltracing\surfaces\sphericalsurface_llt.cpp(547): warning C4244: 'initializing': conversion from 'double' to 'int', possible loss of data
  OpticalSystemElement.cpp
  OptimizeOpticalSystem.cpp
c:\traceropenmasterrepos\tracer-open-master-source\sequentialraytracer.h(38): warning C4305: '=': truncation from '__int64' to 'unsigned int'
c:\traceropenmasterrepos\tracer-open-master-source\sequentialraytracer.h(38): warning C4309: '=': truncation of constant value
c:\traceropenmasterrepos\tracer-open-master-source\optimizesystem\optimizeopticalsystem.cpp(149): warning C4018: '<': signed/unsigned mismatch
c:\traceropenmasterrepos\tracer-open-master-source\optimizesystem\optimizeopticalsystem.cpp(217): warning C4018: '<': signed/unsigned mismatch
c:\traceropenmasterrepos\tracer-open-master-source\optimizesystem\optimizeopticalsystem.cpp(229): warning C4018: '<': signed/unsigned mismatch
c:\traceropenmasterrepos\tracer-open-master-source\optimizesystem\optimizeopticalsystem.cpp(272): warning C4018: '<': signed/unsigned mismatch
c:\traceropenmasterrepos\tracer-open-master-source\optimizesystem\optimizeopticalsystem.cpp(276): warning C4018: '<': signed/unsigned mismatch
c:\traceropenmasterrepos\tracer-open-master-source\optimizesystem\optimizeopticalsystem.cpp(280): warning C4018: '<': signed/unsigned mismatch
c:\traceropenmasterrepos\tracer-open-master-source\optimizesystem\optimizeopticalsystem.cpp(314): warning C4018: '<': signed/unsigned mismatch
c:\traceropenmasterrepos\tracer-open-master-source\optimizesystem\optimizeopticalsystem.cpp(318): warning C4018: '<': signed/unsigned mismatch
c:\traceropenmasterrepos\tracer-open-master-source\optimizesystem\optimizeopticalsystem.cpp(352): warning C4018: '<': signed/unsigned mismatch
c:\traceropenmasterrepos\tracer-open-master-source\optimizesystem\optimizeopticalsystem.cpp(359): warning C4018: '<': signed/unsigned mismatch
c:\traceropenmasterrepos\tracer-open-master-source\optimizesystem\optimizeopticalsystem.cpp(412): warning C4018: '<': signed/unsigned mismatch
c:\traceropenmasterrepos\tracer-open-master-source\optimizesystem\optimizeopticalsystem.cpp(481): warning C4018: '<': signed/unsigned mismatch
c:\traceropenmasterrepos\tracer-open-master-source\optimizesystem\optimizeopticalsystem.cpp(516): warning C4018: '<': signed/unsigned mismatch
c:\traceropenmasterrepos\tracer-open-master-source\optimizesystem\optimizeopticalsystem.cpp(536): warning C4018: '<': signed/unsigned mismatch
c:\traceropenmasterrepos\tracer-open-master-source\optimizesystem\optimizeopticalsystem.cpp(614): warning C4018: '<': signed/unsigned mismatch
c:\traceropenmasterrepos\tracer-open-master-source\optimizesystem\optimizeopticalsystem.cpp(646): warning C4018: '<': signed/unsigned mismatch
c:\traceropenmasterrepos\tracer-open-master-source\optimizesystem\optimizeopticalsystem.cpp(647): warning C4018: '<': signed/unsigned mismatch
c:\traceropenmasterrepos\tracer-open-master-source\optimizesystem\optimizeopticalsystem.cpp(693): warning C4018: '<': signed/unsigned mismatch
c:\traceropenmasterrepos\tracer-open-master-source\optimizesystem\optimizeopticalsystem.cpp(705): warning C4018: '<': signed/unsigned mismatch
c:\traceropenmasterrepos\tracer-open-master-source\optimizesystem\optimizeopticalsystem.cpp(706): warning C4018: '<': signed/unsigned mismatch
c:\traceropenmasterrepos\tracer-open-master-source\optimizesystem\optimizeopticalsystem.cpp(764): warning C4018: '<': signed/unsigned mismatch
c:\traceropenmasterrepos\tracer-open-master-source\optimizesystem\optimizeopticalsystem.cpp(788): warning C4018: '<': signed/unsigned mismatch
c:\traceropenmasterrepos\tracer-open-master-source\optimizesystem\optimizeopticalsystem.cpp(789): warning C4018: '<': signed/unsigned mismatch
c:\traceropenmasterrepos\tracer-open-master-source\optimizesystem\optimizeopticalsystem.cpp(821): warning C4018: '<': signed/unsigned mismatch
c:\traceropenmasterrepos\tracer-open-master-source\optimizesystem\optimizeopticalsystem.cpp(831): warning C4018: '<': signed/unsigned mismatch
c:\traceropenmasterrepos\tracer-open-master-source\optimizesystem\optimizeopticalsystem.cpp(832): warning C4018: '<': signed/unsigned mismatch
c:\traceropenmasterrepos\tracer-open-master-source\optimizesystem\optimizeopticalsystem.cpp(617): warning C4101: 'semiheightMod': unreferenced local variable
c:\traceropenmasterrepos\tracer-open-master-source\optimizesystem\optimizeopticalsystem.cpp(616): warning C4101: 'radiusMod': unreferenced local variable
c:\traceropenmasterrepos\tracer-open-master-source\optimizesystem\optimizeopticalsystem.cpp(903): warning C4018: '<': signed/unsigned mismatch
c:\traceropenmasterrepos\tracer-open-master-source\optimizesystem\optimizeopticalsystem.cpp(930): warning C4018: '<': signed/unsigned mismatch
c:\traceropenmasterrepos\tracer-open-master-source\optimizesystem\optimizeopticalsystem.cpp(950): warning C4018: '<': signed/unsigned mismatch
c:\traceropenmasterrepos\tracer-open-master-source\optimizesystem\optimizeopticalsystem.cpp(977): warning C4018: '<': signed/unsigned mismatch
c:\traceropenmasterrepos\tracer-open-master-source\optimizesystem\optimizeopticalsystem.cpp(1017): warning C4018: '<': signed/unsigned mismatch
c:\traceropenmasterrepos\tracer-open-master-source\optimizesystem\optimizeopticalsystem.cpp(1018): warning C4018: '<': signed/unsigned mismatch
c:\traceropenmasterrepos\tracer-open-master-source\optimizesystem\optimizeopticalsystem.cpp(1046): warning C4018: '<': signed/unsigned mismatch
  Plot.cpp
  Plot2D.cpp
c:\traceropenmasterrepos\tracer-open-master-source\sequentialraytracer.h(38): warning C4305: '=': truncation from '__int64' to 'unsigned int'
c:\traceropenmasterrepos\tracer-open-master-source\sequentialraytracer.h(38): warning C4309: '=': truncation of constant value
c:\traceropenmasterrepos\tracer-open-master-source\plot\plot2d.cpp(33): warning C4244: 'initializing': conversion from 'real' to 'int', possible loss of data
c:\traceropenmasterrepos\tracer-open-master-source\plot\plot2d.cpp(34): warning C4244: 'initializing': conversion from 'real' to 'int', possible loss of data
c:\traceropenmasterrepos\tracer-open-master-source\plot\plot2d.cpp(46): warning C4244: 'initializing': conversion from 'real' to 'int', possible loss of data
c:\traceropenmasterrepos\tracer-open-master-source\plot\plot2d.cpp(47): warning C4244: 'initializing': conversion from 'real' to 'int', possible loss of data
  PlotOPD.cpp
c:\traceropenmasterrepos\tracer-open-master-source\sequentialraytracer.h(38): warning C4305: '=': truncation from '__int64' to 'unsigned int'
c:\traceropenmasterrepos\tracer-open-master-source\sequentialraytracer.h(38): warning C4309: '=': truncation of constant value
c:\traceropenmasterrepos\tracer-open-master-source\plot\plotopd.cpp(93): warning C4244: 'argument': conversion from 'real' to '_Tp', possible loss of data
          with
          [
              _Tp=int
          ]
c:\traceropenmasterrepos\tracer-open-master-source\plot\plotopd.cpp(110): warning C4244: 'argument': conversion from 'real' to '_Tp', possible loss of data
          with
          [
              _Tp=int
          ]
c:\traceropenmasterrepos\tracer-open-master-source\plot\plotopd.cpp(207): warning C4244: 'argument': conversion from 'real' to '_Tp', possible loss of data
          with
          [
              _Tp=int
          ]
c:\traceropenmasterrepos\tracer-open-master-source\plot\plotopd.cpp(224): warning C4244: 'argument': conversion from 'real' to '_Tp', possible loss of data
          with
          [
              _Tp=int
          ]
  PlotSpotDiagram.cpp
c:\traceropenmasterrepos\tracer-open-master-source\plot\plotspotdiagram.cpp(88): warning C4244: '=': conversion from 'real' to '_Tp', possible loss of data
          with
          [
              _Tp=int
          ]
c:\traceropenmasterrepos\tracer-open-master-source\plot\plotspotdiagram.cpp(89): warning C4244: '=': conversion from 'real' to '_Tp', possible loss of data
          with
          [
              _Tp=int
          ]
  RayAiming.cpp
c:\traceropenmasterrepos\tracer-open-master-source\sequentialraytracer.h(38): warning C4305: '=': truncation from '__int64' to 'unsigned int'
c:\traceropenmasterrepos\tracer-open-master-source\sequentialraytracer.h(38): warning C4309: '=': truncation of constant value
c:\traceropenmasterrepos\tracer-open-master-source\rayaiming.cpp(440): warning C4101: 'interPoint': unreferenced local variable
  FillApertureStop.cpp
c:\traceropenmasterrepos\tracer-open-master-source\fillaperturestop.cpp(14): warning C4018: '<=': signed/unsigned mismatch
c:\traceropenmasterrepos\tracer-open-master-source\fillaperturestop.cpp(36): warning C4018: '<': signed/unsigned mismatch
c:\traceropenmasterrepos\tracer-open-master-source\fillaperturestop.cpp(55): warning C4018: '<': signed/unsigned mismatch
c:\traceropenmasterrepos\tracer-open-master-source\fillaperturestop.cpp(83): warning C4018: '<': signed/unsigned mismatch
c:\traceropenmasterrepos\tracer-open-master-source\fillaperturestop.cpp(181): warning C4018: '<': signed/unsigned mismatch
c:\traceropenmasterrepos\tracer-open-master-source\fillaperturestop.cpp(188): warning C4018: '<': signed/unsigned mismatch
  ImportantStructures.cpp
  Light_LLT.cpp
  main_LLT.cpp
c:\program files (x86)\windows kits\10\include\10.0.17763.0\ucrt\corecrt_math_defines.h(17): warning C4005: 'M_E': macro redefinition
  c:\traceropenmasterrepos\tracer-open-master-source\qt\include\qtcore\qmath.h(155): note: see previous definition of 'M_E'
c:\program files (x86)\windows kits\10\include\10.0.17763.0\ucrt\corecrt_math_defines.h(18): warning C4005: 'M_LOG2E': macro redefinition
  c:\traceropenmasterrepos\tracer-open-master-source\qt\include\qtcore\qmath.h(159): note: see previous definition of 'M_LOG2E'
c:\program files (x86)\windows kits\10\include\10.0.17763.0\ucrt\corecrt_math_defines.h(19): warning C4005: 'M_LOG10E': macro redefinition
  c:\traceropenmasterrepos\tracer-open-master-source\qt\include\qtcore\qmath.h(163): note: see previous definition of 'M_LOG10E'
c:\program files (x86)\windows kits\10\include\10.0.17763.0\ucrt\corecrt_math_defines.h(20): warning C4005: 'M_LN2': macro redefinition
  c:\traceropenmasterrepos\tracer-open-master-source\qt\include\qtcore\qmath.h(167): note: see previous definition of 'M_LN2'
c:\program files (x86)\windows kits\10\include\10.0.17763.0\ucrt\corecrt_math_defines.h(21): warning C4005: 'M_LN10': macro redefinition
  c:\traceropenmasterrepos\tracer-open-master-source\qt\include\qtcore\qmath.h(171): note: see previous definition of 'M_LN10'
c:\program files (x86)\windows kits\10\include\10.0.17763.0\ucrt\corecrt_math_defines.h(22): warning C4005: 'M_PI': macro redefinition
  c:\traceropenmasterrepos\tracer-open-master-source\qt\include\qtcore\qmath.h(175): note: see previous definition of 'M_PI'
c:\program files (x86)\windows kits\10\include\10.0.17763.0\ucrt\corecrt_math_defines.h(23): warning C4005: 'M_PI_2': macro redefinition
  c:\traceropenmasterrepos\tracer-open-master-source\qt\include\qtcore\qmath.h(179): note: see previous definition of 'M_PI_2'
c:\program files (x86)\windows kits\10\include\10.0.17763.0\ucrt\corecrt_math_defines.h(24): warning C4005: 'M_PI_4': macro redefinition
  c:\traceropenmasterrepos\tracer-open-master-source\qt\include\qtcore\qmath.h(183): note: see previous definition of 'M_PI_4'
c:\program files (x86)\windows kits\10\include\10.0.17763.0\ucrt\corecrt_math_defines.h(25): warning C4005: 'M_1_PI': macro redefinition
  c:\traceropenmasterrepos\tracer-open-master-source\qt\include\qtcore\qmath.h(187): note: see previous definition of 'M_1_PI'
c:\program files (x86)\windows kits\10\include\10.0.17763.0\ucrt\corecrt_math_defines.h(26): warning C4005: 'M_2_PI': macro redefinition
  c:\traceropenmasterrepos\tracer-open-master-source\qt\include\qtcore\qmath.h(191): note: see previous definition of 'M_2_PI'
c:\program files (x86)\windows kits\10\include\10.0.17763.0\ucrt\corecrt_math_defines.h(27): warning C4005: 'M_2_SQRTPI': macro redefinition
  c:\traceropenmasterrepos\tracer-open-master-source\qt\include\qtcore\qmath.h(195): note: see previous definition of 'M_2_SQRTPI'
c:\program files (x86)\windows kits\10\include\10.0.17763.0\ucrt\corecrt_math_defines.h(28): warning C4005: 'M_SQRT2': macro redefinition
  c:\traceropenmasterrepos\tracer-open-master-source\qt\include\qtcore\qmath.h(199): note: see previous definition of 'M_SQRT2'
c:\program files (x86)\windows kits\10\include\10.0.17763.0\ucrt\corecrt_math_defines.h(29): warning C4005: 'M_SQRT1_2': macro redefinition
  c:\traceropenmasterrepos\tracer-open-master-source\qt\include\qtcore\qmath.h(203): note: see previous definition of 'M_SQRT1_2'
c:\traceropenmasterrepos\tracer-open-master-source\sequentialraytracer.h(38): warning C4305: '=': truncation from '__int64' to 'unsigned int'
c:\traceropenmasterrepos\tracer-open-master-source\sequentialraytracer.h(38): warning C4309: '=': truncation of constant value
  Ray_LLT.cpp
  Math_LLT.cpp
c:\traceropenmasterrepos\tracer-open-master-source\lowleveltracing\math_llt.cpp(214): warning C4018: '<': signed/unsigned mismatch
c:\traceropenmasterrepos\tracer-open-master-source\lowleveltracing\math_llt.cpp(230): warning C4101: 'check': unreferenced local variable
c:\traceropenmasterrepos\tracer-open-master-source\lowleveltracing\math_llt.cpp(249): warning C4018: '<': signed/unsigned mismatch
c:\traceropenmasterrepos\tracer-open-master-source\lowleveltracing\math_llt.cpp(309): warning C4018: '<': signed/unsigned mismatch
c:\traceropenmasterrepos\tracer-open-master-source\lowleveltracing\math_llt.cpp(340): warning C4018: '<': signed/unsigned mismatch
c:\traceropenmasterrepos\tracer-open-master-source\lowleveltracing\math_llt.cpp(389): warning C4018: '<': signed/unsigned mismatch
c:\traceropenmasterrepos\tracer-open-master-source\lowleveltracing\math_llt.cpp(453): warning C4068: unknown pragma
  SequentialRayTracer.cpp
c:\traceropenmasterrepos\tracer-open-master-source\sequentialraytracer.h(38): warning C4305: '=': truncation from '__int64' to 'unsigned int'
c:\traceropenmasterrepos\tracer-open-master-source\sequentialraytracer.h(38): warning C4309: '=': truncation of constant value
c:\traceropenmasterrepos\tracer-open-master-source\sequentialraytracer.cpp(76): warning C4018: '<=': signed/unsigned mismatch
c:\traceropenmasterrepos\tracer-open-master-source\sequentialraytracer.cpp(130): warning C4018: '<': signed/unsigned mismatch
c:\traceropenmasterrepos\tracer-open-master-source\sequentialraytracer.cpp(134): warning C4390: ';': empty controlled statement found; is this the intent?
c:\traceropenmasterrepos\tracer-open-master-source\sequentialraytracer.cpp(147): warning C4018: '<': signed/unsigned mismatch
c:\traceropenmasterrepos\tracer-open-master-source\sequentialraytracer.cpp(161): warning C4018: '<': signed/unsigned mismatch
c:\traceropenmasterrepos\tracer-open-master-source\sequentialraytracer.cpp(176): warning C4018: '<': signed/unsigned mismatch
c:\traceropenmasterrepos\tracer-open-master-source\sequentialraytracer.cpp(224): warning C4018: '<': signed/unsigned mismatch
c:\traceropenmasterrepos\tracer-open-master-source\sequentialraytracer.cpp(242): warning C4018: '<': signed/unsigned mismatch
c:\traceropenmasterrepos\tracer-open-master-source\sequentialraytracer.cpp(260): warning C4018: '<': signed/unsigned mismatch
c:\traceropenmasterrepos\tracer-open-master-source\sequentialraytracer.cpp(275): warning C4018: '<': signed/unsigned mismatch
c:\traceropenmasterrepos\tracer-open-master-source\sequentialraytracer.cpp(333): warning C4018: '<': signed/unsigned mismatch
c:\traceropenmasterrepos\tracer-open-master-source\sequentialraytracer.cpp(351): warning C4018: '<': signed/unsigned mismatch
c:\traceropenmasterrepos\tracer-open-master-source\sequentialraytracer.cpp(372): warning C4018: '<': signed/unsigned mismatch
c:\traceropenmasterrepos\tracer-open-master-source\sequentialraytracer.cpp(393): warning C4018: '<': signed/unsigned mismatch
  Compiling...
  ApertureStop.cpp
c:\traceropenmasterrepos\tracer-open-master-source\sequentialraytracer.h(38): warning C4305: '=': truncation from '__int64' to 'unsigned int'
c:\traceropenmasterrepos\tracer-open-master-source\sequentialraytracer.h(38): warning C4309: '=': truncation of constant value
  AsphericalElement.cpp
  PlanElement.cpp
  SphericalElement.cpp
c:\traceropenmasterrepos\tracer-open-master-source\sequentialraytracer.h(38): warning C4305: '=': truncation from '__int64' to 'unsigned int'
c:\traceropenmasterrepos\tracer-open-master-source\sequentialraytracer.h(38): warning C4309: '=': truncation of constant value
opencv_core320d.lib(opencv_core320d.dll) : fatal error LNK1112: module machine type 'x64' conflicts with target machine type 'x86'
