  AsphericalSurface_LLT.cpp
C:\Tracer-Open-Master\LowLevelTracing\ImportantStructures.h(88,60): warning C4227: anachronism used: qualifiers on reference are ignored
C:\Tracer-Open-Master\LowLevelTracing\ImportantStructures.h(92,65): warning C4227: anachronism used: qualifiers on reference are ignored
C:\Tracer-Open-Master\LowLevelTracing\ImportantStructures.h(112,58): warning C4227: anachronism used: qualifiers on reference are ignored
C:\Tracer-Open-Master\LowLevelTracing\ImportantStructures.h(126,73): warning C4227: anachronism used: qualifiers on reference are ignored
C:\Tracer-Open-Master\LowLevelTracing\ImportantStructures.h(159,46): warning C4227: anachronism used: qualifiers on reference are ignored
C:\Tracer-Open-Master\LowLevelTracing\Ray_LLT.h(15,54): warning C4227: anachronism used: qualifiers on reference are ignored
C:\Tracer-Open-Master\LowLevelTracing\Ray_LLT.h(21,65): warning C4227: anachronism used: qualifiers on reference are ignored
C:\Tracer-Open-Master\LowLevelTracing\Ray_LLT.h(27,65): warning C4227: anachronism used: qualifiers on reference are ignored
C:\Tracer-Open-Master\LowLevelTracing\Interaction\InteractionRay_LLT.h(19,39): warning C4227: anachronism used: qualifiers on reference are ignored
C:\Tracer-Open-Master\LowLevelTracing\Interaction\InteractionRay_LLT.h(30,45): warning C4227: anachronism used: qualifiers on reference are ignored
  main_LLT.cpp
C:\Tracer-Open-Master\LowLevelTracing\ImportantStructures.h(88,60): warning C4227: anachronism used: qualifiers on reference are ignored
C:\Tracer-Open-Master\LowLevelTracing\ImportantStructures.h(92,65): warning C4227: anachronism used: qualifiers on reference are ignored
C:\Tracer-Open-Master\LowLevelTracing\ImportantStructures.h(112,58): warning C4227: anachronism used: qualifiers on reference are ignored
C:\Tracer-Open-Master\LowLevelTracing\ImportantStructures.h(126,73): warning C4227: anachronism used: qualifiers on reference are ignored
C:\Tracer-Open-Master\LowLevelTracing\ImportantStructures.h(159,46): warning C4227: anachronism used: qualifiers on reference are ignored
C:\Tracer-Open-Master\LowLevelTracing\Ray_LLT.h(15,54): warning C4227: anachronism used: qualifiers on reference are ignored
C:\Tracer-Open-Master\LowLevelTracing\Ray_LLT.h(21,65): warning C4227: anachronism used: qualifiers on reference are ignored
C:\Tracer-Open-Master\LowLevelTracing\Ray_LLT.h(27,65): warning C4227: anachronism used: qualifiers on reference are ignored
C:\Tracer-Open-Master\LowLevelTracing\Interaction\InteractionRay_LLT.h(19,39): warning C4227: anachronism used: qualifiers on reference are ignored
C:\Tracer-Open-Master\LowLevelTracing\Interaction\InteractionRay_LLT.h(30,45): warning C4227: anachronism used: qualifiers on reference are ignored
C:\Tracer-Open-Master\benchmark\RayAiming\BenchmarkRayAiming.h(53,110): warning C4227: anachronism used: qualifiers on reference are ignored
C:\Tracer-Open-Master\benchmark\RayAiming\BenchmarkRayAiming.h(53,158): warning C4227: anachronism used: qualifiers on reference are ignored
C:\Tracer-Open-Master\benchmark\RayAiming\BenchmarkRayAiming.h(53,211): warning C4227: anachronism used: qualifiers on reference are ignored
C:\Tracer-Open-Master\benchmark\RayAiming\BenchmarkRayAiming.h(53,245): warning C4227: anachronism used: qualifiers on reference are ignored
C:\Tracer-Open-Master\benchmark\RayAiming\BenchmarkRayAiming.h(54,84): warning C4227: anachronism used: qualifiers on reference are ignored
C:\Tracer-Open-Master\benchmark\RayAiming\BenchmarkRayAiming.h(54,135): warning C4227: anachronism used: qualifiers on reference are ignored
C:\Tracer-Open-Master\benchmark\RayAiming\BenchmarkRayAiming.h(54,241): warning C4227: anachronism used: qualifiers on reference are ignored
C:\Tracer-Open-Master\benchmark\RayAiming\BenchmarkRayAiming.h(59,110): warning C4227: anachronism used: qualifiers on reference are ignored
C:\Tracer-Open-Master\benchmark\RayAiming\BenchmarkRayAiming.h(59,164): warning C4227: anachronism used: qualifiers on reference are ignored
C:\Tracer-Open-Master\benchmark\RayAiming\BenchmarkRayAiming.h(59,217): warning C4227: anachronism used: qualifiers on reference are ignored
C:\Tracer-Open-Master\benchmark\RayAiming\BenchmarkRayAiming.h(59,251): warning C4227: anachronism used: qualifiers on reference are ignored
C:\Tracer-Open-Master\benchmark\RayAiming\BenchmarkRayAiming.h(60,84): warning C4227: anachronism used: qualifiers on reference are ignored
C:\Tracer-Open-Master\benchmark\RayAiming\BenchmarkRayAiming.h(60,138): warning C4227: anachronism used: qualifiers on reference are ignored
C:\Tracer-Open-Master\benchmark\RayAiming\BenchmarkRayAiming.h(60,177): warning C4227: anachronism used: qualifiers on reference are ignored
C:\Tracer-Open-Master\benchmark\RayAiming\BenchmarkRayAiming.h(60,213): warning C4227: anachronism used: qualifiers on reference are ignored
C:\Tracer-Open-Master\benchmark\RayAiming\BenchmarkRayAiming.h(60,246): warning C4227: anachronism used: qualifiers on reference are ignored
C:\Program Files (x86)\Windows Kits\10\Include\10.0.18362.0\ucrt\corecrt_math_defines.h(17,1): warning C4005: 'M_E': macro redefinition
C:\Tracer-Open-Master\Qt\include\QtCore\qmath.h(155): message : see previous definition of 'M_E'
C:\Program Files (x86)\Windows Kits\10\Include\10.0.18362.0\ucrt\corecrt_math_defines.h(18,1): warning C4005: 'M_LOG2E': macro redefinition
C:\Tracer-Open-Master\Qt\include\QtCore\qmath.h(159): message : see previous definition of 'M_LOG2E'
C:\Program Files (x86)\Windows Kits\10\Include\10.0.18362.0\ucrt\corecrt_math_defines.h(19,1): warning C4005: 'M_LOG10E': macro redefinition
C:\Tracer-Open-Master\Qt\include\QtCore\qmath.h(163): message : see previous definition of 'M_LOG10E'
C:\Program Files (x86)\Windows Kits\10\Include\10.0.18362.0\ucrt\corecrt_math_defines.h(20,1): warning C4005: 'M_LN2': macro redefinition
C:\Tracer-Open-Master\Qt\include\QtCore\qmath.h(167): message : see previous definition of 'M_LN2'
C:\Program Files (x86)\Windows Kits\10\Include\10.0.18362.0\ucrt\corecrt_math_defines.h(21,1): warning C4005: 'M_LN10': macro redefinition
C:\Tracer-Open-Master\Qt\include\QtCore\qmath.h(171): message : see previous definition of 'M_LN10'
C:\Program Files (x86)\Windows Kits\10\Include\10.0.18362.0\ucrt\corecrt_math_defines.h(22,1): warning C4005: 'M_PI': macro redefinition
C:\Tracer-Open-Master\Qt\include\QtCore\qmath.h(175): message : see previous definition of 'M_PI'
C:\Program Files (x86)\Windows Kits\10\Include\10.0.18362.0\ucrt\corecrt_math_defines.h(23,1): warning C4005: 'M_PI_2': macro redefinition
C:\Tracer-Open-Master\Qt\include\QtCore\qmath.h(179): message : see previous definition of 'M_PI_2'
C:\Program Files (x86)\Windows Kits\10\Include\10.0.18362.0\ucrt\corecrt_math_defines.h(24,1): warning C4005: 'M_PI_4': macro redefinition
C:\Tracer-Open-Master\Qt\include\QtCore\qmath.h(183): message : see previous definition of 'M_PI_4'
C:\Program Files (x86)\Windows Kits\10\Include\10.0.18362.0\ucrt\corecrt_math_defines.h(25,1): warning C4005: 'M_1_PI': macro redefinition
C:\Tracer-Open-Master\Qt\include\QtCore\qmath.h(187): message : see previous definition of 'M_1_PI'
C:\Program Files (x86)\Windows Kits\10\Include\10.0.18362.0\ucrt\corecrt_math_defines.h(26,1): warning C4005: 'M_2_PI': macro redefinition
C:\Tracer-Open-Master\Qt\include\QtCore\qmath.h(191): message : see previous definition of 'M_2_PI'
C:\Program Files (x86)\Windows Kits\10\Include\10.0.18362.0\ucrt\corecrt_math_defines.h(27,1): warning C4005: 'M_2_SQRTPI': macro redefinition
C:\Tracer-Open-Master\Qt\include\QtCore\qmath.h(195): message : see previous definition of 'M_2_SQRTPI'
C:\Program Files (x86)\Windows Kits\10\Include\10.0.18362.0\ucrt\corecrt_math_defines.h(28,1): warning C4005: 'M_SQRT2': macro redefinition
C:\Tracer-Open-Master\Qt\include\QtCore\qmath.h(199): message : see previous definition of 'M_SQRT2'
C:\Program Files (x86)\Windows Kits\10\Include\10.0.18362.0\ucrt\corecrt_math_defines.h(29,1): warning C4005: 'M_SQRT1_2': macro redefinition
C:\Tracer-Open-Master\Qt\include\QtCore\qmath.h(203): message : see previous definition of 'M_SQRT1_2'
     Creating library C:\Tracer-Open-Master\VS-Solution_tracer-open\x64\Release\VS-Solution_tracer-open.lib and object C:\Tracer-Open-Master\VS-Solution_tracer-open\x64\Release\VS-Solution_tracer-open.exp
  Generating code
C:\Tracer-Open-Master\LowLevelTracing\Math_LLT.cpp(158): warning C4723: potential divide by 0
C:\Tracer-Open-Master\LowLevelTracing\Math_LLT.cpp(157): warning C4723: potential divide by 0
  145 of 1989 functions ( 7.3%) were compiled, the rest were copied from previous compilation.
    2 functions were new in current compilation
    108 functions had inline decision re-evaluated but remain unchanged
  Finished generating code
  VS-Solution_tracer-open.vcxproj -> C:\Tracer-Open-Master\VS-Solution_tracer-open\x64\Release\VS-Solution_tracer-open.exe
