c:\tracer-open-master\vs-solution_tracer-open\x64\release\vc142.pdb
c:\tracer-open-master\vs-solution_tracer-open\x64\release\benchmarkzemaxtest.obj
c:\tracer-open-master\vs-solution_tracer-open\x64\release\optikkreis.obj
c:\tracer-open-master\vs-solution_tracer-open\x64\release\nonlinearityrms_spotradiuscpp.obj
c:\tracer-open-master\vs-solution_tracer-open\x64\release\managementbenchmark.obj
c:\tracer-open-master\vs-solution_tracer-open\x64\release\ioc2020_dresden.obj
c:\tracer-open-master\vs-solution_tracer-open\x64\release\bechnspehricalelemtn.obj
c:\tracer-open-master\vs-solution_tracer-open\x64\release\benchopticalsystemelement.obj
c:\tracer-open-master\vs-solution_tracer-open\x64\release\benchmarkcomplexoptsys.obj
c:\tracer-open-master\vs-solution_tracer-open\x64\release\benchgeneticanddls.obj
c:\tracer-open-master\vs-solution_tracer-open\x64\release\testpsf.obj
c:\tracer-open-master\vs-solution_tracer-open\x64\release\testglobalopd.obj
c:\tracer-open-master\vs-solution_tracer-open\x64\release\benchmarkopticalpathdifference.obj
c:\tracer-open-master\vs-solution_tracer-open\x64\release\benchmarkimagesimulation.obj
c:\tracer-open-master\vs-solution_tracer-open\x64\release\bechmarkexippupilcalculation.obj
c:\tracer-open-master\vs-solution_tracer-open\x64\release\benchraytracing.obj
c:\tracer-open-master\vs-solution_tracer-open\x64\release\spot.obj
c:\tracer-open-master\vs-solution_tracer-open\x64\release\seidelcoefficients.obj
c:\tracer-open-master\vs-solution_tracer-open\x64\release\rayfan.obj
c:\tracer-open-master\vs-solution_tracer-open\x64\release\opticalpathdifferende.obj
c:\tracer-open-master\vs-solution_tracer-open\x64\release\cardinalpoints.obj
c:\tracer-open-master\vs-solution_tracer-open\x64\release\testopdqwtplot.obj
c:\tracer-open-master\vs-solution_tracer-open\x64\release\testoptimizer_paper_p1.obj
c:\tracer-open-master\vs-solution_tracer-open\x64\release\testoptimizer_paper_p0.obj
c:\tracer-open-master\vs-solution_tracer-open\x64\release\testlensreplace.obj
c:\tracer-open-master\vs-solution_tracer-open\x64\release\testimproveimagequality.obj
c:\tracer-open-master\vs-solution_tracer-open\x64\release\testimages.obj
c:\tracer-open-master\vs-solution_tracer-open\x64\release\testimageprocessing.obj
c:\tracer-open-master\vs-solution_tracer-open\x64\release\testevaluatemanyoptsys_raytracing.obj
c:\tracer-open-master\vs-solution_tracer-open\x64\release\testcomparetwoimagesandimprove.obj
c:\tracer-open-master\vs-solution_tracer-open\x64\release\testcalculateparaxialdistances.obj
c:\tracer-open-master\vs-solution_tracer-open\x64\release\testcalccombinationvector_seidel.obj
c:\tracer-open-master\vs-solution_tracer-open\x64\release\testcalccombinationvector_paraxial.obj
c:\tracer-open-master\vs-solution_tracer-open\x64\release\benchmarkespot.obj
c:\tracer-open-master\vs-solution_tracer-open\x64\release\benchmarksequentialraytracer.obj
c:\tracer-open-master\vs-solution_tracer-open\x64\release\testrms_spot.obj
c:\tracer-open-master\vs-solution_tracer-open\x64\release\benchplot2d.obj
c:\tracer-open-master\vs-solution_tracer-open\x64\release\benchmarkplotspotdiagram.obj
c:\tracer-open-master\vs-solution_tracer-open\x64\release\benchmarkplotopd.obj
c:\tracer-open-master\vs-solution_tracer-open\x64\release\testbuildsysforcombination.obj
c:\tracer-open-master\vs-solution_tracer-open\x64\release\testlocaloptimizer_bm.obj
c:\tracer-open-master\vs-solution_tracer-open\x64\release\asphericallenstwosurfaces.obj
c:\tracer-open-master\vs-solution_tracer-open\x64\release\edmundopticslenscatalog.obj
c:\tracer-open-master\vs-solution_tracer-open\x64\release\inport_export_data.obj
c:\tracer-open-master\vs-solution_tracer-open\x64\release\improveimagequality.obj
c:\tracer-open-master\vs-solution_tracer-open\x64\release\imagesimulation.obj
c:\tracer-open-master\vs-solution_tracer-open\x64\release\images.obj
c:\tracer-open-master\vs-solution_tracer-open\x64\release\imageprocessing.obj
c:\tracer-open-master\vs-solution_tracer-open\x64\release\glasses.obj
c:\tracer-open-master\vs-solution_tracer-open\x64\release\materialsellmeier1.obj
c:\tracer-open-master\vs-solution_tracer-open\x64\release\fillaperturestop.obj
c:\tracer-open-master\vs-solution_tracer-open\x64\release\comparetwoimagesandimprove.obj
c:\tracer-open-master\vs-solution_tracer-open\x64\release\doublegauss5degreefield.obj
c:\tracer-open-master\vs-solution_tracer-open\x64\release\cooke40degreefield.obj
c:\tracer-open-master\vs-solution_tracer-open\x64\release\testsystemspeterma.obj
c:\tracer-open-master\vs-solution_tracer-open\x64\release\testachromatperforandaccuracy.obj
c:\tracer-open-master\vs-solution_tracer-open\x64\release\testseidelcombinations.obj
c:\tracer-open-master\vs-solution_tracer-open\x64\release\testseidelcoefficients.obj
c:\tracer-open-master\vs-solution_tracer-open\x64\release\testspotdiagramqwtplot.obj
c:\tracer-open-master\vs-solution_tracer-open\x64\release\testraytracingqwtplot.obj
c:\tracer-open-master\vs-solution_tracer-open\x64\release\testrayfanqwtplot.obj
c:\tracer-open-master\vs-solution_tracer-open\x64\release\opticalsystemelement.obj
c:\tracer-open-master\vs-solution_tracer-open\x64\release\oftenusenamespace.obj
c:\tracer-open-master\vs-solution_tracer-open\x64\release\sphericalsurface_llt.obj
c:\tracer-open-master\vs-solution_tracer-open\x64\release\plangeometry_llt.obj
c:\tracer-open-master\vs-solution_tracer-open\x64\release\paraxiallens_llt.obj
c:\tracer-open-master\vs-solution_tracer-open\x64\release\asphericalsurface_llt.obj
c:\tracer-open-master\vs-solution_tracer-open\x64\release\aperturestop_llt.obj
c:\tracer-open-master\vs-solution_tracer-open\x64\release\surfaceintersectionray_llt.obj
c:\tracer-open-master\vs-solution_tracer-open\x64\release\opticalsystem_llt.obj
c:\tracer-open-master\vs-solution_tracer-open\x64\release\jonesvector.obj
c:\tracer-open-master\vs-solution_tracer-open\x64\release\refractedray_llt.obj
c:\tracer-open-master\vs-solution_tracer-open\x64\release\reflectionray_llt.obj
c:\tracer-open-master\vs-solution_tracer-open\x64\release\interactionray_llt.obj
c:\tracer-open-master\vs-solution_tracer-open\x64\release\donothinginteraction_llt.obj
c:\tracer-open-master\vs-solution_tracer-open\x64\release\deflectedrayparaxiallens_llt.obj
c:\tracer-open-master\vs-solution_tracer-open\x64\release\absorb_llt.obj
c:\tracer-open-master\vs-solution_tracer-open\x64\release\basetransformation_llt.obj
c:\tracer-open-master\vs-solution_tracer-open\x64\release\lensreplace.obj
c:\tracer-open-master\vs-solution_tracer-open\x64\release\lensestwosurfaces.obj
c:\tracer-open-master\vs-solution_tracer-open\x64\release\lensesthreesurfaces.obj
c:\tracer-open-master\vs-solution_tracer-open\x64\release\psffunction.obj
c:\tracer-open-master\vs-solution_tracer-open\x64\release\qwtploitems.obj
c:\tracer-open-master\vs-solution_tracer-open\x64\release\plotspotdiagram.obj
c:\tracer-open-master\vs-solution_tracer-open\x64\release\plotrayfan.obj
c:\tracer-open-master\vs-solution_tracer-open\x64\release\plotqwt.obj
c:\tracer-open-master\vs-solution_tracer-open\x64\release\plotparameterqwt.obj
c:\tracer-open-master\vs-solution_tracer-open\x64\release\plotopd.obj
c:\tracer-open-master\vs-solution_tracer-open\x64\release\plot2d.obj
c:\tracer-open-master\vs-solution_tracer-open\x64\release\plot.obj
c:\tracer-open-master\vs-solution_tracer-open\x64\release\optimizesystemsuperfct_geneticanddls.obj
c:\tracer-open-master\vs-solution_tracer-open\x64\release\optimizeopticalsystem.obj
c:\tracer-open-master\vs-solution_tracer-open\x64\release\dls_multithreads12.obj
c:\tracer-open-master\vs-solution_tracer-open\x64\release\importantoptimizestructs.obj
c:\tracer-open-master\vs-solution_tracer-open\x64\release\genetic.obj
c:\tracer-open-master\vs-solution_tracer-open\x64\release\evaluatemanyoptsys_raytracing.obj
c:\tracer-open-master\vs-solution_tracer-open\x64\release\evaluatemanyoptsystems_seidelcoef.obj
c:\tracer-open-master\vs-solution_tracer-open\x64\release\evaluatemanyoptsystems_paraxialdistances.obj
c:\tracer-open-master\vs-solution_tracer-open\x64\release\dampedleastsquares.obj
c:\tracer-open-master\vs-solution_tracer-open\x64\release\calculateparaxialdistances.obj
c:\tracer-open-master\vs-solution_tracer-open\x64\release\buildsystemsforcombination.obj
c:\tracer-open-master\vs-solution_tracer-open\x64\release\testfillas.obj
c:\tracer-open-master\vs-solution_tracer-open\x64\release\testdls_multithreads_12.obj
c:\tracer-open-master\vs-solution_tracer-open\x64\release\testdls.obj
c:\tracer-open-master\vs-solution_tracer-open\x64\release\testcardinalpoints.obj
c:\tracer-open-master\vs-solution_tracer-open\x64\release\testasphericalsurface_llt.obj
c:\tracer-open-master\vs-solution_tracer-open\x64\release\testaperturestop.obj
c:\tracer-open-master\vs-solution_tracer-open\x64\release\managementtests.obj
c:\tracer-open-master\vs-solution_tracer-open\x64\release\dlsmulticheck.obj
c:\tracer-open-master\vs-solution_tracer-open\x64\release\sphericalelement.obj
c:\tracer-open-master\vs-solution_tracer-open\x64\release\planelement.obj
c:\tracer-open-master\vs-solution_tracer-open\x64\release\asphericalelement.obj
c:\tracer-open-master\vs-solution_tracer-open\x64\release\aperturestopelement.obj
c:\tracer-open-master\vs-solution_tracer-open\x64\release\sequentialraytracer.obj
c:\tracer-open-master\vs-solution_tracer-open\x64\release\rayaimingsuperfct.obj
c:\tracer-open-master\vs-solution_tracer-open\x64\release\rayaiming.obj
c:\tracer-open-master\vs-solution_tracer-open\x64\release\math_llt.obj
c:\tracer-open-master\vs-solution_tracer-open\x64\release\ray_llt.obj
c:\tracer-open-master\vs-solution_tracer-open\x64\release\main_llt.obj
c:\tracer-open-master\vs-solution_tracer-open\x64\release\light_llt.obj
c:\tracer-open-master\vs-solution_tracer-open\x64\release\importantstructures.obj
c:\tracer-open-master\vs-solution_tracer-open\x64\release\tom(logo).obj
c:\tracer-open-master\vs-solution_tracer-open\x64\release\testsphericalsurface_llt.obj
c:\tracer-open-master\vs-solution_tracer-open\x64\release\testrayaiming.obj
c:\tracer-open-master\vs-solution_tracer-open\x64\release\testrayaiming_multithreads_12.obj
c:\tracer-open-master\vs-solution_tracer-open\x64\release\testplansurface.obj
c:\tracer-open-master\vs-solution_tracer-open\x64\release\testparaxiallens_llt.obj
c:\tracer-open-master\vs-solution_tracer-open\x64\release\testoptimizesystemsuperfct_geneticanddls.obj
c:\tracer-open-master\vs-solution_tracer-open\x64\release\testmath.obj
c:\tracer-open-master\vs-solution_tracer-open\x64\release\testlenscatalogeo.obj
c:\tracer-open-master\vs-solution_tracer-open\x64\release\testglasses.obj
c:\tracer-open-master\vs-solution_tracer-open\x64\release\testgenetic.obj
e:\tom_server_cr\vs-solution_tracer-open\x64\release\vc142.pdb
e:\tom_server_cr\vs-solution_tracer-open\x64\release\benchmarkzemaxtest.obj
e:\tom_server_cr\vs-solution_tracer-open\x64\release\optikkreis.obj
e:\tom_server_cr\vs-solution_tracer-open\x64\release\nonlinearityrms_spotradiuscpp.obj
e:\tom_server_cr\vs-solution_tracer-open\x64\release\managementbenchmark.obj
e:\tom_server_cr\vs-solution_tracer-open\x64\release\ioc2020_dresden.obj
e:\tom_server_cr\vs-solution_tracer-open\x64\release\bechnspehricalelemtn.obj
e:\tom_server_cr\vs-solution_tracer-open\x64\release\benchopticalsystemelement.obj
e:\tom_server_cr\vs-solution_tracer-open\x64\release\benchmarkcomplexoptsys.obj
e:\tom_server_cr\vs-solution_tracer-open\x64\release\benchgeneticanddls.obj
e:\tom_server_cr\vs-solution_tracer-open\x64\release\testpsf.obj
e:\tom_server_cr\vs-solution_tracer-open\x64\release\testglobalopd.obj
e:\tom_server_cr\vs-solution_tracer-open\x64\release\benchmarkopticalpathdifference.obj
e:\tom_server_cr\vs-solution_tracer-open\x64\release\benchmarkimagesimulation.obj
e:\tom_server_cr\vs-solution_tracer-open\x64\release\bechmarkexippupilcalculation.obj
e:\tom_server_cr\vs-solution_tracer-open\x64\release\benchraytracing.obj
e:\tom_server_cr\vs-solution_tracer-open\x64\release\spot.obj
e:\tom_server_cr\vs-solution_tracer-open\x64\release\seidelcoefficients.obj
e:\tom_server_cr\vs-solution_tracer-open\x64\release\rayfan.obj
e:\tom_server_cr\vs-solution_tracer-open\x64\release\opticalpathdifferende.obj
e:\tom_server_cr\vs-solution_tracer-open\x64\release\cardinalpoints.obj
e:\tom_server_cr\vs-solution_tracer-open\x64\release\testopdqwtplot.obj
e:\tom_server_cr\vs-solution_tracer-open\x64\release\testoptimizer_paper_p1.obj
e:\tom_server_cr\vs-solution_tracer-open\x64\release\testoptimizer_paper_p0.obj
e:\tom_server_cr\vs-solution_tracer-open\x64\release\testlensreplace.obj
e:\tom_server_cr\vs-solution_tracer-open\x64\release\testimproveimagequality.obj
e:\tom_server_cr\vs-solution_tracer-open\x64\release\testimages.obj
e:\tom_server_cr\vs-solution_tracer-open\x64\release\testimageprocessing.obj
e:\tom_server_cr\vs-solution_tracer-open\x64\release\testevaluatemanyoptsys_raytracing.obj
e:\tom_server_cr\vs-solution_tracer-open\x64\release\testcomparetwoimagesandimprove.obj
e:\tom_server_cr\vs-solution_tracer-open\x64\release\testcalculateparaxialdistances.obj
e:\tom_server_cr\vs-solution_tracer-open\x64\release\testcalccombinationvector_seidel.obj
e:\tom_server_cr\vs-solution_tracer-open\x64\release\testcalccombinationvector_paraxial.obj
e:\tom_server_cr\vs-solution_tracer-open\x64\release\benchmarkespot.obj
e:\tom_server_cr\vs-solution_tracer-open\x64\release\benchmarksequentialraytracer.obj
e:\tom_server_cr\vs-solution_tracer-open\x64\release\testrms_spot.obj
e:\tom_server_cr\vs-solution_tracer-open\x64\release\benchplot2d.obj
e:\tom_server_cr\vs-solution_tracer-open\x64\release\benchmarkplotspotdiagram.obj
e:\tom_server_cr\vs-solution_tracer-open\x64\release\benchmarkplotopd.obj
e:\tom_server_cr\vs-solution_tracer-open\x64\release\testbuildsysforcombination.obj
e:\tom_server_cr\vs-solution_tracer-open\x64\release\testlocaloptimizer_bm.obj
e:\tom_server_cr\vs-solution_tracer-open\x64\release\asphericallenstwosurfaces.obj
e:\tom_server_cr\vs-solution_tracer-open\x64\release\edmundopticslenscatalog.obj
e:\tom_server_cr\vs-solution_tracer-open\x64\release\inport_export_data.obj
e:\tom_server_cr\vs-solution_tracer-open\x64\release\improveimagequality.obj
e:\tom_server_cr\vs-solution_tracer-open\x64\release\imagesimulation.obj
e:\tom_server_cr\vs-solution_tracer-open\x64\release\images.obj
e:\tom_server_cr\vs-solution_tracer-open\x64\release\imageprocessing.obj
e:\tom_server_cr\vs-solution_tracer-open\x64\release\glasses.obj
e:\tom_server_cr\vs-solution_tracer-open\x64\release\materialsellmeier1.obj
e:\tom_server_cr\vs-solution_tracer-open\x64\release\fillaperturestop.obj
e:\tom_server_cr\vs-solution_tracer-open\x64\release\comparetwoimagesandimprove.obj
e:\tom_server_cr\vs-solution_tracer-open\x64\release\doublegauss5degreefield.obj
e:\tom_server_cr\vs-solution_tracer-open\x64\release\cooke40degreefield.obj
e:\tom_server_cr\vs-solution_tracer-open\x64\release\testsystemspeterma.obj
e:\tom_server_cr\vs-solution_tracer-open\x64\release\testachromatperforandaccuracy.obj
e:\tom_server_cr\vs-solution_tracer-open\x64\release\testseidelcombinations.obj
e:\tom_server_cr\vs-solution_tracer-open\x64\release\testseidelcoefficients.obj
e:\tom_server_cr\vs-solution_tracer-open\x64\release\testspotdiagramqwtplot.obj
e:\tom_server_cr\vs-solution_tracer-open\x64\release\testraytracingqwtplot.obj
e:\tom_server_cr\vs-solution_tracer-open\x64\release\testrayfanqwtplot.obj
e:\tom_server_cr\vs-solution_tracer-open\x64\release\opticalsystemelement.obj
e:\tom_server_cr\vs-solution_tracer-open\x64\release\oftenusenamespace.obj
e:\tom_server_cr\vs-solution_tracer-open\x64\release\sphericalsurface_llt.obj
e:\tom_server_cr\vs-solution_tracer-open\x64\release\plangeometry_llt.obj
e:\tom_server_cr\vs-solution_tracer-open\x64\release\paraxiallens_llt.obj
e:\tom_server_cr\vs-solution_tracer-open\x64\release\asphericalsurface_llt.obj
e:\tom_server_cr\vs-solution_tracer-open\x64\release\aperturestop_llt.obj
e:\tom_server_cr\vs-solution_tracer-open\x64\release\surfaceintersectionray_llt.obj
e:\tom_server_cr\vs-solution_tracer-open\x64\release\opticalsystem_llt.obj
e:\tom_server_cr\vs-solution_tracer-open\x64\release\jonesvector.obj
e:\tom_server_cr\vs-solution_tracer-open\x64\release\refractedray_llt.obj
e:\tom_server_cr\vs-solution_tracer-open\x64\release\reflectionray_llt.obj
e:\tom_server_cr\vs-solution_tracer-open\x64\release\interactionray_llt.obj
e:\tom_server_cr\vs-solution_tracer-open\x64\release\donothinginteraction_llt.obj
e:\tom_server_cr\vs-solution_tracer-open\x64\release\deflectedrayparaxiallens_llt.obj
e:\tom_server_cr\vs-solution_tracer-open\x64\release\absorb_llt.obj
e:\tom_server_cr\vs-solution_tracer-open\x64\release\basetransformation_llt.obj
e:\tom_server_cr\vs-solution_tracer-open\x64\release\lensreplace.obj
e:\tom_server_cr\vs-solution_tracer-open\x64\release\lensestwosurfaces.obj
e:\tom_server_cr\vs-solution_tracer-open\x64\release\lensesthreesurfaces.obj
e:\tom_server_cr\vs-solution_tracer-open\x64\release\psffunction.obj
e:\tom_server_cr\vs-solution_tracer-open\x64\release\qwtploitems.obj
e:\tom_server_cr\vs-solution_tracer-open\x64\release\plotspotdiagram.obj
e:\tom_server_cr\vs-solution_tracer-open\x64\release\plotrayfan.obj
e:\tom_server_cr\vs-solution_tracer-open\x64\release\plotqwt.obj
e:\tom_server_cr\vs-solution_tracer-open\x64\release\plotparameterqwt.obj
e:\tom_server_cr\vs-solution_tracer-open\x64\release\plotopd.obj
e:\tom_server_cr\vs-solution_tracer-open\x64\release\plot2d.obj
e:\tom_server_cr\vs-solution_tracer-open\x64\release\plot.obj
e:\tom_server_cr\vs-solution_tracer-open\x64\release\optimizesystemsuperfct_geneticanddls.obj
e:\tom_server_cr\vs-solution_tracer-open\x64\release\optimizeopticalsystem.obj
e:\tom_server_cr\vs-solution_tracer-open\x64\release\dls_multithreads12.obj
e:\tom_server_cr\vs-solution_tracer-open\x64\release\importantoptimizestructs.obj
e:\tom_server_cr\vs-solution_tracer-open\x64\release\genetic.obj
e:\tom_server_cr\vs-solution_tracer-open\x64\release\evaluatemanyoptsys_raytracing.obj
e:\tom_server_cr\vs-solution_tracer-open\x64\release\evaluatemanyoptsystems_seidelcoef.obj
e:\tom_server_cr\vs-solution_tracer-open\x64\release\evaluatemanyoptsystems_paraxialdistances.obj
e:\tom_server_cr\vs-solution_tracer-open\x64\release\dampedleastsquares.obj
e:\tom_server_cr\vs-solution_tracer-open\x64\release\calculateparaxialdistances.obj
e:\tom_server_cr\vs-solution_tracer-open\x64\release\buildsystemsforcombination.obj
e:\tom_server_cr\vs-solution_tracer-open\x64\release\testfillas.obj
e:\tom_server_cr\vs-solution_tracer-open\x64\release\testdls_multithreads_12.obj
e:\tom_server_cr\vs-solution_tracer-open\x64\release\testdls.obj
e:\tom_server_cr\vs-solution_tracer-open\x64\release\testcardinalpoints.obj
e:\tom_server_cr\vs-solution_tracer-open\x64\release\testasphericalsurface_llt.obj
e:\tom_server_cr\vs-solution_tracer-open\x64\release\testaperturestop.obj
e:\tom_server_cr\vs-solution_tracer-open\x64\release\managementtests.obj
e:\tom_server_cr\vs-solution_tracer-open\x64\release\dlsmulticheck.obj
e:\tom_server_cr\vs-solution_tracer-open\x64\release\sphericalelement.obj
e:\tom_server_cr\vs-solution_tracer-open\x64\release\planelement.obj
e:\tom_server_cr\vs-solution_tracer-open\x64\release\asphericalelement.obj
e:\tom_server_cr\vs-solution_tracer-open\x64\release\aperturestopelement.obj
e:\tom_server_cr\vs-solution_tracer-open\x64\release\sequentialraytracer.obj
e:\tom_server_cr\vs-solution_tracer-open\x64\release\rayaimingsuperfct.obj
e:\tom_server_cr\vs-solution_tracer-open\x64\release\rayaiming.obj
e:\tom_server_cr\vs-solution_tracer-open\x64\release\math_llt.obj
e:\tom_server_cr\vs-solution_tracer-open\x64\release\ray_llt.obj
e:\tom_server_cr\vs-solution_tracer-open\x64\release\main_llt.obj
e:\tom_server_cr\vs-solution_tracer-open\x64\release\light_llt.obj
e:\tom_server_cr\vs-solution_tracer-open\x64\release\importantstructures.obj
e:\tom_server_cr\vs-solution_tracer-open\x64\release\tom(logo).obj
e:\tom_server_cr\vs-solution_tracer-open\x64\release\testsphericalsurface_llt.obj
e:\tom_server_cr\vs-solution_tracer-open\x64\release\testrayaiming.obj
e:\tom_server_cr\vs-solution_tracer-open\x64\release\testrayaiming_multithreads_12.obj
e:\tom_server_cr\vs-solution_tracer-open\x64\release\testplansurface.obj
e:\tom_server_cr\vs-solution_tracer-open\x64\release\testparaxiallens_llt.obj
e:\tom_server_cr\vs-solution_tracer-open\x64\release\testoptimizesystemsuperfct_geneticanddls.obj
e:\tom_server_cr\vs-solution_tracer-open\x64\release\testmath.obj
e:\tom_server_cr\vs-solution_tracer-open\x64\release\testlenscatalogeo.obj
e:\tom_server_cr\vs-solution_tracer-open\x64\release\testglasses.obj
e:\tom_server_cr\vs-solution_tracer-open\x64\release\testgenetic.obj
c:\tracer-open-master\vs-solution_tracer-open\x64\release\vs-solution_tracer-open.exe
c:\tracer-open-master\vs-solution_tracer-open\x64\release\vs-solution_tracer-open.pdb
c:\tracer-open-master\vs-solution_tracer-open\x64\release\vs-solution_tracer-open.lib
c:\tracer-open-master\vs-solution_tracer-open\x64\release\vs-solution_tracer-open.exp
c:\tracer-open-master\vs-solution_tracer-open\x64\release\vs-solution_tracer-open.ipdb
c:\tracer-open-master\vs-solution_tracer-open\x64\release\vs-solution_tracer-open.iobj
e:\tom_server_cr\vs-solution_tracer-open\x64\release\vs-solution_tracer-open.ipdb
e:\tom_server_cr\vs-solution_tracer-open\x64\release\vs-solution_tracer-open.iobj
e:\tom_server_cr\vs-solution_tracer-open\x64\release\vs-solution_tracer-open.exp
e:\tom_server_cr\vs-solution_tracer-open\x64\release\vs-solution_tracer-open.pdb
e:\tom_server_cr\vs-solution_tracer-open\x64\release\vs-solution_tracer-open.exe
e:\tom_server_cr\vs-solution_tracer-open\x64\release\vs-solut.3383afaf.tlog\cl.command.1.tlog
e:\tom_server_cr\vs-solution_tracer-open\x64\release\vs-solut.3383afaf.tlog\cl.read.1.tlog
e:\tom_server_cr\vs-solution_tracer-open\x64\release\vs-solut.3383afaf.tlog\cl.write.1.tlog
e:\tom_server_cr\vs-solution_tracer-open\x64\release\vs-solut.3383afaf.tlog\link.command.1.tlog
e:\tom_server_cr\vs-solution_tracer-open\x64\release\vs-solut.3383afaf.tlog\link.read.1.tlog
e:\tom_server_cr\vs-solution_tracer-open\x64\release\vs-solut.3383afaf.tlog\link.write.1.tlog
e:\tom_server_cr\vs-solution_tracer-open\x64\release\vs-solut.3383afaf.tlog\vs-solution_tracer-open.write.1u.tlog
